{"C:\\Users\\Dmitryy\\Desktop\\githubprojct\\backend\\src\\app.js": {"path":"C:\\Users\\Dmitryy\\Desktop\\githubprojct\\backend\\src\\app.js","statementMap":{"0":{"start":{"line":1,"column":16},"end":{"line":1,"column":34}},"1":{"start":{"line":2,"column":13},"end":{"line":2,"column":28}},"2":{"start":{"line":3,"column":15},"end":{"line":3,"column":32}},"3":{"start":{"line":4,"column":17},"end":{"line":4,"column":45}},"4":{"start":{"line":5,"column":23},"end":{"line":5,"column":56}},"5":{"start":{"line":6,"column":11},"end":{"line":6,"column":39}},"6":{"start":{"line":7,"column":13},"end":{"line":7,"column":28}},"7":{"start":{"line":9,"column":0},"end":{"line":9,"column":74}},"8":{"start":{"line":11,"column":12},"end":{"line":11,"column":21}},"9":{"start":{"line":12,"column":13},"end":{"line":12,"column":37}},"10":{"start":{"line":15,"column":0},"end":{"line":15,"column":18}},"11":{"start":{"line":16,"column":0},"end":{"line":19,"column":4}},"12":{"start":{"line":22,"column":0},"end":{"line":22,"column":24}},"13":{"start":{"line":23,"column":0},"end":{"line":23,"column":48}},"14":{"start":{"line":26,"column":0},"end":{"line":26,"column":31}},"15":{"start":{"line":29,"column":0},"end":{"line":29,"column":28}},"16":{"start":{"line":32,"column":0},"end":{"line":39,"column":3}},"17":{"start":{"line":33,"column":2},"end":{"line":38,"column":3}},"18":{"start":{"line":34,"column":4},"end":{"line":34,"column":31}},"19":{"start":{"line":35,"column":4},"end":{"line":35,"column":73}},"20":{"start":{"line":37,"column":4},"end":{"line":37,"column":72}},"21":{"start":{"line":42,"column":0},"end":{"line":42,"column":47}},"22":{"start":{"line":43,"column":0},"end":{"line":43,"column":49}},"23":{"start":{"line":44,"column":0},"end":{"line":44,"column":51}},"24":{"start":{"line":45,"column":0},"end":{"line":45,"column":53}},"25":{"start":{"line":46,"column":0},"end":{"line":46,"column":53}},"26":{"start":{"line":49,"column":0},"end":{"line":54,"column":3}},"27":{"start":{"line":50,"column":2},"end":{"line":50,"column":31}},"28":{"start":{"line":51,"column":2},"end":{"line":53,"column":5}},"29":{"start":{"line":57,"column":0},"end":{"line":59,"column":3}},"30":{"start":{"line":58,"column":2},"end":{"line":58,"column":47}},"31":{"start":{"line":62,"column":0},"end":{"line":65,"column":3}},"32":{"start":{"line":63,"column":2},"end":{"line":63,"column":48}},"33":{"start":{"line":64,"column":2},"end":{"line":64,"column":71}},"34":{"start":{"line":67,"column":0},"end":{"line":67,"column":21}}},"fnMap":{"0":{"name":"(anonymous_0)","decl":{"start":{"line":32,"column":19},"end":{"line":32,"column":20}},"loc":{"start":{"line":32,"column":39},"end":{"line":39,"column":1}},"line":32},"1":{"name":"(anonymous_1)","decl":{"start":{"line":49,"column":8},"end":{"line":49,"column":9}},"loc":{"start":{"line":49,"column":33},"end":{"line":54,"column":1}},"line":49},"2":{"name":"(anonymous_2)","decl":{"start":{"line":57,"column":8},"end":{"line":57,"column":9}},"loc":{"start":{"line":57,"column":22},"end":{"line":59,"column":1}},"line":57},"3":{"name":"(anonymous_3)","decl":{"start":{"line":62,"column":17},"end":{"line":62,"column":18}},"loc":{"start":{"line":62,"column":23},"end":{"line":65,"column":1}},"line":62}},"branchMap":{"0":{"loc":{"start":{"line":12,"column":13},"end":{"line":12,"column":37}},"type":"binary-expr","locations":[{"start":{"line":12,"column":13},"end":{"line":12,"column":29}},{"start":{"line":12,"column":33},"end":{"line":12,"column":37}}],"line":12},"1":{"loc":{"start":{"line":17,"column":10},"end":{"line":17,"column":61}},"type":"binary-expr","locations":[{"start":{"line":17,"column":10},"end":{"line":17,"column":34}},{"start":{"line":17,"column":38},"end":{"line":17,"column":61}}],"line":17},"2":{"loc":{"start":{"line":52,"column":11},"end":{"line":52,"column":88}},"type":"cond-expr","locations":[{"start":{"line":52,"column":51},"end":{"line":52,"column":74}},{"start":{"line":52,"column":77},"end":{"line":52,"column":88}}],"line":52},"3":{"loc":{"start":{"line":64,"column":30},"end":{"line":64,"column":67}},"type":"binary-expr","locations":[{"start":{"line":64,"column":30},"end":{"line":64,"column":50}},{"start":{"line":64,"column":54},"end":{"line":64,"column":67}}],"line":64}},"s":{"0":2,"1":2,"2":2,"3":2,"4":2,"5":2,"6":2,"7":2,"8":2,"9":2,"10":2,"11":2,"12":2,"13":2,"14":2,"15":2,"16":2,"17":1,"18":1,"19":0,"20":1,"21":2,"22":2,"23":2,"24":2,"25":2,"26":2,"27":0,"28":0,"29":2,"30":0,"31":2,"32":0,"33":0,"34":2},"f":{"0":1,"1":0,"2":0,"3":0},"b":{"0":[2,2],"1":[2,0],"2":[0,0],"3":[0,0]},"_coverageSchema":"1a1c01bbd47fc00a2c39e90264f33305004495a9","hash":"e1208da52cab32f49622bfd38948e66ef81f96be"}
,"C:\\Users\\Dmitryy\\Desktop\\githubprojct\\backend\\src\\config\\database.js": {"path":"C:\\Users\\Dmitryy\\Desktop\\githubprojct\\backend\\src\\config\\database.js","statementMap":{"0":{"start":{"line":1,"column":17},"end":{"line":1,"column":30}},"1":{"start":{"line":2,"column":0},"end":{"line":2,"column":27}},"2":{"start":{"line":4,"column":13},"end":{"line":13,"column":2}},"3":{"start":{"line":15,"column":0},"end":{"line":18,"column":3}},"4":{"start":{"line":16,"column":2},"end":{"line":16,"column":56}},"5":{"start":{"line":17,"column":2},"end":{"line":17,"column":19}},"6":{"start":{"line":20,"column":0},"end":{"line":24,"column":2}},"7":{"start":{"line":21,"column":27},"end":{"line":21,"column":51}},"8":{"start":{"line":22,"column":19},"end":{"line":22,"column":33}}},"fnMap":{"0":{"name":"(anonymous_0)","decl":{"start":{"line":15,"column":17},"end":{"line":15,"column":18}},"loc":{"start":{"line":15,"column":26},"end":{"line":18,"column":1}},"line":15},"1":{"name":"(anonymous_1)","decl":{"start":{"line":21,"column":9},"end":{"line":21,"column":10}},"loc":{"start":{"line":21,"column":27},"end":{"line":21,"column":51}},"line":21},"2":{"name":"(anonymous_2)","decl":{"start":{"line":22,"column":13},"end":{"line":22,"column":14}},"loc":{"start":{"line":22,"column":19},"end":{"line":22,"column":33}},"line":22}},"branchMap":{"0":{"loc":{"start":{"line":5,"column":8},"end":{"line":5,"column":42}},"type":"binary-expr","locations":[{"start":{"line":5,"column":8},"end":{"line":5,"column":27}},{"start":{"line":5,"column":31},"end":{"line":5,"column":42}}],"line":5},"1":{"loc":{"start":{"line":6,"column":8},"end":{"line":6,"column":35}},"type":"binary-expr","locations":[{"start":{"line":6,"column":8},"end":{"line":6,"column":27}},{"start":{"line":6,"column":31},"end":{"line":6,"column":35}}],"line":6},"2":{"loc":{"start":{"line":7,"column":12},"end":{"line":7,"column":55}},"type":"binary-expr","locations":[{"start":{"line":7,"column":12},"end":{"line":7,"column":31}},{"start":{"line":7,"column":35},"end":{"line":7,"column":55}}],"line":7},"3":{"loc":{"start":{"line":8,"column":8},"end":{"line":8,"column":41}},"type":"binary-expr","locations":[{"start":{"line":8,"column":8},"end":{"line":8,"column":27}},{"start":{"line":8,"column":31},"end":{"line":8,"column":41}}],"line":8}},"s":{"0":2,"1":2,"2":2,"3":2,"4":0,"5":0,"6":2,"7":3,"8":0},"f":{"0":0,"1":3,"2":0},"b":{"0":[2,2],"1":[2,2],"2":[2,2],"3":[2,2]},"_coverageSchema":"1a1c01bbd47fc00a2c39e90264f33305004495a9","hash":"9081795c1092a1f0207faab28011dab13b203121"}
,"C:\\Users\\Dmitryy\\Desktop\\githubprojct\\backend\\src\\config\\passport.js": {"path":"C:\\Users\\Dmitryy\\Desktop\\githubprojct\\backend\\src\\config\\passport.js","statementMap":{"0":{"start":{"line":1,"column":17},"end":{"line":1,"column":36}},"1":{"start":{"line":2,"column":23},"end":{"line":2,"column":59}},"2":{"start":{"line":3,"column":12},"end":{"line":3,"column":35}},"3":{"start":{"line":4,"column":13},"end":{"line":4,"column":28}},"4":{"start":{"line":6,"column":0},"end":{"line":6,"column":74}},"5":{"start":{"line":8,"column":23},"end":{"line":8,"column":57}},"6":{"start":{"line":9,"column":27},"end":{"line":9,"column":65}},"7":{"start":{"line":10,"column":26},"end":{"line":10,"column":109}},"8":{"start":{"line":12,"column":0},"end":{"line":63,"column":1}},"9":{"start":{"line":13,"column":2},"end":{"line":13,"column":150}},"10":{"start":{"line":15,"column":2},"end":{"line":62,"column":2}},"11":{"start":{"line":24,"column":6},"end":{"line":59,"column":7}},"12":{"start":{"line":25,"column":19},"end":{"line":25,"column":48}},"13":{"start":{"line":27,"column":19},"end":{"line":30,"column":9}},"14":{"start":{"line":32,"column":8},"end":{"line":48,"column":9}},"15":{"start":{"line":33,"column":24},"end":{"line":33,"column":86}},"16":{"start":{"line":35,"column":26},"end":{"line":46,"column":11}},"17":{"start":{"line":47,"column":10},"end":{"line":47,"column":25}},"18":{"start":{"line":50,"column":22},"end":{"line":54,"column":9}},"19":{"start":{"line":56,"column":8},"end":{"line":56,"column":50}},"20":{"start":{"line":58,"column":8},"end":{"line":58,"column":26}},"21":{"start":{"line":65,"column":0},"end":{"line":65,"column":26}}},"fnMap":{"0":{"name":"(anonymous_0)","decl":{"start":{"line":23,"column":4},"end":{"line":23,"column":5}},"loc":{"start":{"line":23,"column":56},"end":{"line":60,"column":5}},"line":23}},"branchMap":{"0":{"loc":{"start":{"line":8,"column":23},"end":{"line":8,"column":57}},"type":"binary-expr","locations":[{"start":{"line":8,"column":23},"end":{"line":8,"column":51}},{"start":{"line":8,"column":55},"end":{"line":8,"column":57}}],"line":8},"1":{"loc":{"start":{"line":9,"column":27},"end":{"line":9,"column":65}},"type":"binary-expr","locations":[{"start":{"line":9,"column":27},"end":{"line":9,"column":59}},{"start":{"line":9,"column":63},"end":{"line":9,"column":65}}],"line":9},"2":{"loc":{"start":{"line":10,"column":26},"end":{"line":10,"column":109}},"type":"binary-expr","locations":[{"start":{"line":10,"column":26},"end":{"line":10,"column":57}},{"start":{"line":10,"column":61},"end":{"line":10,"column":109}}],"line":10},"3":{"loc":{"start":{"line":12,"column":0},"end":{"line":63,"column":1}},"type":"if","locations":[{"start":{"line":12,"column":0},"end":{"line":63,"column":1}},{"start":{"line":14,"column":7},"end":{"line":63,"column":1}}],"line":12},"4":{"loc":{"start":{"line":12,"column":4},"end":{"line":12,"column":42}},"type":"binary-expr","locations":[{"start":{"line":12,"column":4},"end":{"line":12,"column":19}},{"start":{"line":12,"column":23},"end":{"line":12,"column":42}}],"line":12},"5":{"loc":{"start":{"line":32,"column":8},"end":{"line":48,"column":9}},"type":"if","locations":[{"start":{"line":32,"column":8},"end":{"line":48,"column":9}},{"start":{},"end":{}}],"line":32},"6":{"loc":{"start":{"line":33,"column":24},"end":{"line":33,"column":86}},"type":"binary-expr","locations":[{"start":{"line":33,"column":24},"end":{"line":33,"column":50}},{"start":{"line":33,"column":54},"end":{"line":33,"column":86}}],"line":33},"7":{"loc":{"start":{"line":53,"column":23},"end":{"line":53,"column":57}},"type":"binary-expr","locations":[{"start":{"line":53,"column":23},"end":{"line":53,"column":49}},{"start":{"line":53,"column":53},"end":{"line":53,"column":57}}],"line":53}},"s":{"0":2,"1":2,"2":2,"3":2,"4":2,"5":2,"6":2,"7":2,"8":2,"9":2,"10":0,"11":0,"12":0,"13":0,"14":0,"15":0,"16":0,"17":0,"18":0,"19":0,"20":0,"21":2},"f":{"0":0},"b":{"0":[2,2],"1":[2,2],"2":[2,2],"3":[2,0],"4":[2,0],"5":[0,0],"6":[0,0],"7":[0,0]},"_coverageSchema":"1a1c01bbd47fc00a2c39e90264f33305004495a9","hash":"b79db3b406ae05b5d40cab350fe6c8e3d4c94185"}
,"C:\\Users\\Dmitryy\\Desktop\\githubprojct\\backend\\src\\config\\redis.js": {"path":"C:\\Users\\Dmitryy\\Desktop\\githubprojct\\backend\\src\\config\\redis.js","statementMap":{"0":{"start":{"line":1,"column":14},"end":{"line":1,"column":30}},"1":{"start":{"line":2,"column":0},"end":{"line":2,"column":27}},"2":{"start":{"line":4,"column":20},"end":{"line":6,"column":2}},"3":{"start":{"line":8,"column":0},"end":{"line":10,"column":3}},"4":{"start":{"line":9,"column":2},"end":{"line":9,"column":43}},"5":{"start":{"line":12,"column":0},"end":{"line":15,"column":5}},"6":{"start":{"line":13,"column":2},"end":{"line":13,"column":30}},"7":{"start":{"line":14,"column":2},"end":{"line":14,"column":46}},"8":{"start":{"line":17,"column":0},"end":{"line":17,"column":29}}},"fnMap":{"0":{"name":"(anonymous_0)","decl":{"start":{"line":8,"column":24},"end":{"line":8,"column":25}},"loc":{"start":{"line":8,"column":33},"end":{"line":10,"column":1}},"line":8},"1":{"name":"(anonymous_1)","decl":{"start":{"line":12,"column":1},"end":{"line":12,"column":2}},"loc":{"start":{"line":12,"column":13},"end":{"line":15,"column":1}},"line":12}},"branchMap":{"0":{"loc":{"start":{"line":5,"column":18},"end":{"line":5,"column":55}},"type":"binary-expr","locations":[{"start":{"line":5,"column":18},"end":{"line":5,"column":40}},{"start":{"line":5,"column":44},"end":{"line":5,"column":55}}],"line":5},"1":{"loc":{"start":{"line":5,"column":59},"end":{"line":5,"column":89}},"type":"binary-expr","locations":[{"start":{"line":5,"column":59},"end":{"line":5,"column":81}},{"start":{"line":5,"column":85},"end":{"line":5,"column":89}}],"line":5}},"s":{"0":2,"1":2,"2":2,"3":2,"4":0,"5":2,"6":2,"7":2,"8":2},"f":{"0":0,"1":2},"b":{"0":[2,2],"1":[2,2]},"_coverageSchema":"1a1c01bbd47fc00a2c39e90264f33305004495a9","hash":"a321546d94312dc58ed460f58d5855900a97f2c9"}
,"C:\\Users\\Dmitryy\\Desktop\\githubprojct\\backend\\src\\middleware\\auth.js": {"path":"C:\\Users\\Dmitryy\\Desktop\\githubprojct\\backend\\src\\middleware\\auth.js","statementMap":{"0":{"start":{"line":1,"column":12},"end":{"line":1,"column":35}},"1":{"start":{"line":2,"column":11},"end":{"line":2,"column":40}},"2":{"start":{"line":4,"column":26},"end":{"line":39,"column":1}},"3":{"start":{"line":5,"column":2},"end":{"line":38,"column":3}},"4":{"start":{"line":6,"column":23},"end":{"line":6,"column":51}},"5":{"start":{"line":7,"column":18},"end":{"line":7,"column":56}},"6":{"start":{"line":9,"column":4},"end":{"line":11,"column":5}},"7":{"start":{"line":10,"column":6},"end":{"line":10,"column":70}},"8":{"start":{"line":13,"column":20},"end":{"line":13,"column":61}},"9":{"start":{"line":15,"column":17},"end":{"line":18,"column":5}},"10":{"start":{"line":20,"column":4},"end":{"line":22,"column":5}},"11":{"start":{"line":21,"column":6},"end":{"line":21,"column":63}},"12":{"start":{"line":24,"column":4},"end":{"line":32,"column":5}},"13":{"start":{"line":25,"column":6},"end":{"line":31,"column":7}},"14":{"start":{"line":26,"column":8},"end":{"line":30,"column":11}},"15":{"start":{"line":34,"column":4},"end":{"line":34,"column":28}},"16":{"start":{"line":35,"column":4},"end":{"line":35,"column":11}},"17":{"start":{"line":37,"column":4},"end":{"line":37,"column":71}},"18":{"start":{"line":41,"column":22},"end":{"line":48,"column":1}},"19":{"start":{"line":42,"column":2},"end":{"line":47,"column":4}},"20":{"start":{"line":43,"column":4},"end":{"line":45,"column":5}},"21":{"start":{"line":44,"column":6},"end":{"line":44,"column":73}},"22":{"start":{"line":46,"column":4},"end":{"line":46,"column":11}},"23":{"start":{"line":50,"column":0},"end":{"line":50,"column":54}}},"fnMap":{"0":{"name":"(anonymous_0)","decl":{"start":{"line":4,"column":26},"end":{"line":4,"column":27}},"loc":{"start":{"line":4,"column":52},"end":{"line":39,"column":1}},"line":4},"1":{"name":"(anonymous_1)","decl":{"start":{"line":41,"column":22},"end":{"line":41,"column":23}},"loc":{"start":{"line":41,"column":36},"end":{"line":48,"column":1}},"line":41},"2":{"name":"(anonymous_2)","decl":{"start":{"line":42,"column":9},"end":{"line":42,"column":10}},"loc":{"start":{"line":42,"column":29},"end":{"line":47,"column":3}},"line":42}},"branchMap":{"0":{"loc":{"start":{"line":7,"column":18},"end":{"line":7,"column":56}},"type":"binary-expr","locations":[{"start":{"line":7,"column":18},"end":{"line":7,"column":28}},{"start":{"line":7,"column":32},"end":{"line":7,"column":56}}],"line":7},"1":{"loc":{"start":{"line":9,"column":4},"end":{"line":11,"column":5}},"type":"if","locations":[{"start":{"line":9,"column":4},"end":{"line":11,"column":5}},{"start":{},"end":{}}],"line":9},"2":{"loc":{"start":{"line":20,"column":4},"end":{"line":22,"column":5}},"type":"if","locations":[{"start":{"line":20,"column":4},"end":{"line":22,"column":5}},{"start":{},"end":{}}],"line":20},"3":{"loc":{"start":{"line":24,"column":4},"end":{"line":32,"column":5}},"type":"if","locations":[{"start":{"line":24,"column":4},"end":{"line":32,"column":5}},{"start":{},"end":{}}],"line":24},"4":{"loc":{"start":{"line":25,"column":6},"end":{"line":31,"column":7}},"type":"if","locations":[{"start":{"line":25,"column":6},"end":{"line":31,"column":7}},{"start":{},"end":{}}],"line":25},"5":{"loc":{"start":{"line":25,"column":10},"end":{"line":25,"column":80}},"type":"binary-expr","locations":[{"start":{"line":25,"column":10},"end":{"line":25,"column":37}},{"start":{"line":25,"column":41},"end":{"line":25,"column":80}}],"line":25},"6":{"loc":{"start":{"line":43,"column":4},"end":{"line":45,"column":5}},"type":"if","locations":[{"start":{"line":43,"column":4},"end":{"line":45,"column":5}},{"start":{},"end":{}}],"line":43}},"s":{"0":2,"1":2,"2":2,"3":1,"4":1,"5":1,"6":1,"7":1,"8":0,"9":0,"10":0,"11":0,"12":0,"13":0,"14":0,"15":0,"16":0,"17":0,"18":2,"19":12,"20":0,"21":0,"22":0,"23":2},"f":{"0":1,"1":12,"2":0},"b":{"0":[1,0],"1":[1,0],"2":[0,0],"3":[0,0],"4":[0,0],"5":[0,0],"6":[0,0]},"_coverageSchema":"1a1c01bbd47fc00a2c39e90264f33305004495a9","hash":"c3be8d00b86e2ddba497576cbf6c5d8ec386af42"}
,"C:\\Users\\Dmitryy\\Desktop\\githubprojct\\backend\\src\\middleware\\rateLimit.js": {"path":"C:\\Users\\Dmitryy\\Desktop\\githubprojct\\backend\\src\\middleware\\rateLimit.js","statementMap":{"0":{"start":{"line":1,"column":18},"end":{"line":1,"column":47}},"1":{"start":{"line":2,"column":20},"end":{"line":2,"column":46}},"2":{"start":{"line":4,"column":19},"end":{"line":13,"column":2}},"3":{"start":{"line":11,"column":30},"end":{"line":11,"column":59}},"4":{"start":{"line":15,"column":20},"end":{"line":19,"column":2}},"5":{"start":{"line":21,"column":0},"end":{"line":21,"column":45}}},"fnMap":{"0":{"name":"(anonymous_0)","decl":{"start":{"line":11,"column":17},"end":{"line":11,"column":18}},"loc":{"start":{"line":11,"column":30},"end":{"line":11,"column":59}},"line":11}},"branchMap":{"0":{"loc":{"start":{"line":5,"column":12},"end":{"line":5,"column":72}},"type":"binary-expr","locations":[{"start":{"line":5,"column":12},"end":{"line":5,"column":54}},{"start":{"line":5,"column":58},"end":{"line":5,"column":72}}],"line":5},"1":{"loc":{"start":{"line":6,"column":7},"end":{"line":6,"column":59}},"type":"binary-expr","locations":[{"start":{"line":6,"column":7},"end":{"line":6,"column":52}},{"start":{"line":6,"column":56},"end":{"line":6,"column":59}}],"line":6}},"s":{"0":2,"1":2,"2":2,"3":5,"4":2,"5":2},"f":{"0":5},"b":{"0":[2,2],"1":[2,2]},"_coverageSchema":"1a1c01bbd47fc00a2c39e90264f33305004495a9","hash":"3c847b1323d38d47cbac091b2bce4a34187cfdb4"}
,"C:\\Users\\Dmitryy\\Desktop\\githubprojct\\backend\\src\\routes\\appeals.js": {"path":"C:\\Users\\Dmitryy\\Desktop\\githubprojct\\backend\\src\\routes\\appeals.js","statementMap":{"0":{"start":{"line":1,"column":16},"end":{"line":1,"column":34}},"1":{"start":{"line":2,"column":45},"end":{"line":2,"column":74}},"2":{"start":{"line":3,"column":11},"end":{"line":3,"column":40}},"3":{"start":{"line":4,"column":21},"end":{"line":4,"column":56}},"4":{"start":{"line":6,"column":15},"end":{"line":6,"column":31}},"5":{"start":{"line":9,"column":0},"end":{"line":24,"column":3}},"6":{"start":{"line":10,"column":2},"end":{"line":23,"column":3}},"7":{"start":{"line":11,"column":57},"end":{"line":11,"column":65}},"8":{"start":{"line":13,"column":19},"end":{"line":18,"column":5}},"9":{"start":{"line":20,"column":4},"end":{"line":20,"column":53}},"10":{"start":{"line":22,"column":4},"end":{"line":22,"column":52}},"11":{"start":{"line":27,"column":0},"end":{"line":42,"column":3}},"12":{"start":{"line":28,"column":2},"end":{"line":41,"column":3}},"13":{"start":{"line":29,"column":19},"end":{"line":36,"column":5}},"14":{"start":{"line":38,"column":4},"end":{"line":38,"column":39}},"15":{"start":{"line":40,"column":4},"end":{"line":40,"column":52}},"16":{"start":{"line":45,"column":0},"end":{"line":72,"column":3}},"17":{"start":{"line":46,"column":2},"end":{"line":71,"column":3}},"18":{"start":{"line":47,"column":23},"end":{"line":47,"column":32}},"19":{"start":{"line":49,"column":16},"end":{"line":55,"column":5}},"20":{"start":{"line":57,"column":19},"end":{"line":57,"column":21}},"21":{"start":{"line":59,"column":4},"end":{"line":62,"column":5}},"22":{"start":{"line":60,"column":6},"end":{"line":60,"column":36}},"23":{"start":{"line":61,"column":6},"end":{"line":61,"column":26}},"24":{"start":{"line":64,"column":4},"end":{"line":64,"column":43}},"25":{"start":{"line":66,"column":19},"end":{"line":66,"column":48}},"26":{"start":{"line":68,"column":4},"end":{"line":68,"column":39}},"27":{"start":{"line":70,"column":4},"end":{"line":70,"column":52}},"28":{"start":{"line":75,"column":0},"end":{"line":114,"column":3}},"29":{"start":{"line":76,"column":2},"end":{"line":113,"column":3}},"30":{"start":{"line":77,"column":48},"end":{"line":77,"column":56}},"31":{"start":{"line":79,"column":19},"end":{"line":79,"column":39}},"32":{"start":{"line":81,"column":4},"end":{"line":110,"column":5}},"33":{"start":{"line":82,"column":6},"end":{"line":82,"column":34}},"34":{"start":{"line":84,"column":21},"end":{"line":90,"column":7}},"35":{"start":{"line":92,"column":6},"end":{"line":95,"column":7}},"36":{"start":{"line":93,"column":8},"end":{"line":93,"column":39}},"37":{"start":{"line":94,"column":8},"end":{"line":94,"column":67}},"38":{"start":{"line":98,"column":6},"end":{"line":100,"column":7}},"39":{"start":{"line":99,"column":8},"end":{"line":99,"column":76}},"40":{"start":{"line":102,"column":6},"end":{"line":102,"column":35}},"41":{"start":{"line":104,"column":6},"end":{"line":104,"column":43}},"42":{"start":{"line":106,"column":6},"end":{"line":106,"column":37}},"43":{"start":{"line":107,"column":6},"end":{"line":107,"column":18}},"44":{"start":{"line":109,"column":6},"end":{"line":109,"column":23}},"45":{"start":{"line":112,"column":4},"end":{"line":112,"column":51}},"46":{"start":{"line":116,"column":0},"end":{"line":116,"column":24}}},"fnMap":{"0":{"name":"(anonymous_0)","decl":{"start":{"line":9,"column":36},"end":{"line":9,"column":37}},"loc":{"start":{"line":9,"column":56},"end":{"line":24,"column":1}},"line":9},"1":{"name":"(anonymous_1)","decl":{"start":{"line":27,"column":37},"end":{"line":27,"column":38}},"loc":{"start":{"line":27,"column":57},"end":{"line":42,"column":1}},"line":27},"2":{"name":"(anonymous_2)","decl":{"start":{"line":45,"column":72},"end":{"line":45,"column":73}},"loc":{"start":{"line":45,"column":92},"end":{"line":72,"column":1}},"line":45},"3":{"name":"(anonymous_3)","decl":{"start":{"line":75,"column":83},"end":{"line":75,"column":84}},"loc":{"start":{"line":75,"column":103},"end":{"line":114,"column":1}},"line":75}},"branchMap":{"0":{"loc":{"start":{"line":17,"column":52},"end":{"line":17,"column":66}},"type":"binary-expr","locations":[{"start":{"line":17,"column":52},"end":{"line":17,"column":60}},{"start":{"line":17,"column":64},"end":{"line":17,"column":66}}],"line":17},"1":{"loc":{"start":{"line":59,"column":4},"end":{"line":62,"column":5}},"type":"if","locations":[{"start":{"line":59,"column":4},"end":{"line":62,"column":5}},{"start":{},"end":{}}],"line":59},"2":{"loc":{"start":{"line":92,"column":6},"end":{"line":95,"column":7}},"type":"if","locations":[{"start":{"line":92,"column":6},"end":{"line":95,"column":7}},{"start":{},"end":{}}],"line":92},"3":{"loc":{"start":{"line":98,"column":6},"end":{"line":100,"column":7}},"type":"if","locations":[{"start":{"line":98,"column":6},"end":{"line":100,"column":7}},{"start":{},"end":{}}],"line":98},"4":{"loc":{"start":{"line":98,"column":10},"end":{"line":98,"column":73}},"type":"binary-expr","locations":[{"start":{"line":98,"column":10},"end":{"line":98,"column":31}},{"start":{"line":98,"column":35},"end":{"line":98,"column":73}}],"line":98}},"s":{"0":2,"1":2,"2":2,"3":2,"4":2,"5":2,"6":0,"7":0,"8":0,"9":0,"10":0,"11":2,"12":0,"13":0,"14":0,"15":0,"16":2,"17":0,"18":0,"19":0,"20":0,"21":0,"22":0,"23":0,"24":0,"25":0,"26":0,"27":0,"28":2,"29":0,"30":0,"31":0,"32":0,"33":0,"34":0,"35":0,"36":0,"37":0,"38":0,"39":0,"40":0,"41":0,"42":0,"43":0,"44":0,"45":0,"46":2},"f":{"0":0,"1":0,"2":0,"3":0},"b":{"0":[0,0],"1":[0,0],"2":[0,0],"3":[0,0],"4":[0,0]},"_coverageSchema":"1a1c01bbd47fc00a2c39e90264f33305004495a9","hash":"c47218094c6bf473e5467587713b5cb560559acb"}
,"C:\\Users\\Dmitryy\\Desktop\\githubprojct\\backend\\src\\routes\\auth.js": {"path":"C:\\Users\\Dmitryy\\Desktop\\githubprojct\\backend\\src\\routes\\auth.js","statementMap":{"0":{"start":{"line":1,"column":16},"end":{"line":1,"column":34}},"1":{"start":{"line":2,"column":17},"end":{"line":2,"column":46}},"2":{"start":{"line":3,"column":12},"end":{"line":3,"column":35}},"3":{"start":{"line":4,"column":24},"end":{"line":4,"column":58}},"4":{"start":{"line":5,"column":21},"end":{"line":5,"column":56}},"5":{"start":{"line":6,"column":0},"end":{"line":6,"column":27}},"6":{"start":{"line":8,"column":15},"end":{"line":8,"column":31}},"7":{"start":{"line":10,"column":0},"end":{"line":10,"column":88}},"8":{"start":{"line":12,"column":0},"end":{"line":33,"column":3}},"9":{"start":{"line":13,"column":2},"end":{"line":32,"column":21}},"10":{"start":{"line":14,"column":4},"end":{"line":17,"column":5}},"11":{"start":{"line":15,"column":6},"end":{"line":15,"column":53}},"12":{"start":{"line":16,"column":6},"end":{"line":16,"column":81}},"13":{"start":{"line":18,"column":4},"end":{"line":21,"column":5}},"14":{"start":{"line":19,"column":6},"end":{"line":19,"column":55}},"15":{"start":{"line":20,"column":6},"end":{"line":20,"column":81}},"16":{"start":{"line":23,"column":4},"end":{"line":31,"column":5}},"17":{"start":{"line":24,"column":24},"end":{"line":24,"column":28}},"18":{"start":{"line":25,"column":26},"end":{"line":25,"column":72}},"19":{"start":{"line":26,"column":26},"end":{"line":26,"column":127}},"20":{"start":{"line":27,"column":6},"end":{"line":27,"column":39}},"21":{"start":{"line":29,"column":6},"end":{"line":29,"column":51}},"22":{"start":{"line":30,"column":6},"end":{"line":30,"column":81}},"23":{"start":{"line":35,"column":0},"end":{"line":59,"column":3}},"24":{"start":{"line":36,"column":2},"end":{"line":58,"column":3}},"25":{"start":{"line":37,"column":22},"end":{"line":37,"column":30}},"26":{"start":{"line":39,"column":4},"end":{"line":41,"column":5}},"27":{"start":{"line":40,"column":6},"end":{"line":40,"column":63}},"28":{"start":{"line":43,"column":20},"end":{"line":43,"column":61}},"29":{"start":{"line":45,"column":15},"end":{"line":45,"column":44}},"30":{"start":{"line":46,"column":17},"end":{"line":49,"column":5}},"31":{"start":{"line":51,"column":4},"end":{"line":53,"column":5}},"32":{"start":{"line":52,"column":6},"end":{"line":52,"column":63}},"33":{"start":{"line":55,"column":4},"end":{"line":55,"column":37}},"34":{"start":{"line":57,"column":4},"end":{"line":57,"column":53}},"35":{"start":{"line":61,"column":0},"end":{"line":80,"column":3}},"36":{"start":{"line":62,"column":2},"end":{"line":79,"column":3}},"37":{"start":{"line":63,"column":92},"end":{"line":63,"column":100}},"38":{"start":{"line":65,"column":4},"end":{"line":76,"column":7}},"39":{"start":{"line":78,"column":4},"end":{"line":78,"column":52}},"40":{"start":{"line":82,"column":0},"end":{"line":82,"column":24}}},"fnMap":{"0":{"name":"(anonymous_0)","decl":{"start":{"line":12,"column":31},"end":{"line":12,"column":32}},"loc":{"start":{"line":12,"column":51},"end":{"line":33,"column":1}},"line":12},"1":{"name":"(anonymous_1)","decl":{"start":{"line":13,"column":81},"end":{"line":13,"column":82}},"loc":{"start":{"line":13,"column":108},"end":{"line":32,"column":3}},"line":13},"2":{"name":"(anonymous_2)","decl":{"start":{"line":35,"column":23},"end":{"line":35,"column":24}},"loc":{"start":{"line":35,"column":43},"end":{"line":59,"column":1}},"line":35},"3":{"name":"(anonymous_3)","decl":{"start":{"line":61,"column":67},"end":{"line":61,"column":68}},"loc":{"start":{"line":61,"column":87},"end":{"line":80,"column":1}},"line":61}},"branchMap":{"0":{"loc":{"start":{"line":14,"column":4},"end":{"line":17,"column":5}},"type":"if","locations":[{"start":{"line":14,"column":4},"end":{"line":17,"column":5}},{"start":{},"end":{}}],"line":14},"1":{"loc":{"start":{"line":18,"column":4},"end":{"line":21,"column":5}},"type":"if","locations":[{"start":{"line":18,"column":4},"end":{"line":21,"column":5}},{"start":{},"end":{}}],"line":18},"2":{"loc":{"start":{"line":26,"column":94},"end":{"line":26,"column":125}},"type":"binary-expr","locations":[{"start":{"line":26,"column":94},"end":{"line":26,"column":116}},{"start":{"line":26,"column":120},"end":{"line":26,"column":125}}],"line":26},"3":{"loc":{"start":{"line":39,"column":4},"end":{"line":41,"column":5}},"type":"if","locations":[{"start":{"line":39,"column":4},"end":{"line":41,"column":5}},{"start":{},"end":{}}],"line":39},"4":{"loc":{"start":{"line":51,"column":4},"end":{"line":53,"column":5}},"type":"if","locations":[{"start":{"line":51,"column":4},"end":{"line":53,"column":5}},{"start":{},"end":{}}],"line":51}},"s":{"0":2,"1":2,"2":2,"3":2,"4":2,"5":2,"6":2,"7":2,"8":2,"9":0,"10":0,"11":0,"12":0,"13":0,"14":0,"15":0,"16":0,"17":0,"18":0,"19":0,"20":0,"21":0,"22":0,"23":2,"24":0,"25":0,"26":0,"27":0,"28":0,"29":0,"30":0,"31":0,"32":0,"33":0,"34":0,"35":2,"36":0,"37":0,"38":0,"39":0,"40":2},"f":{"0":0,"1":0,"2":0,"3":0},"b":{"0":[0,0],"1":[0,0],"2":[0,0],"3":[0,0],"4":[0,0]},"_coverageSchema":"1a1c01bbd47fc00a2c39e90264f33305004495a9","hash":"c012130e86c6a583f1bc1614e14881db6b0794b7"}
,"C:\\Users\\Dmitryy\\Desktop\\githubprojct\\backend\\src\\routes\\escrow.js": {"path":"C:\\Users\\Dmitryy\\Desktop\\githubprojct\\backend\\src\\routes\\escrow.js","statementMap":{"0":{"start":{"line":1,"column":16},"end":{"line":1,"column":34}},"1":{"start":{"line":2,"column":45},"end":{"line":2,"column":74}},"2":{"start":{"line":3,"column":22},"end":{"line":3,"column":58}},"3":{"start":{"line":4,"column":11},"end":{"line":4,"column":40}},"4":{"start":{"line":6,"column":15},"end":{"line":6,"column":31}},"5":{"start":{"line":9,"column":0},"end":{"line":29,"column":3}},"6":{"start":{"line":10,"column":2},"end":{"line":28,"column":3}},"7":{"start":{"line":11,"column":19},"end":{"line":11,"column":69}},"8":{"start":{"line":13,"column":4},"end":{"line":15,"column":5}},"9":{"start":{"line":14,"column":6},"end":{"line":14,"column":65}},"10":{"start":{"line":18,"column":4},"end":{"line":23,"column":5}},"11":{"start":{"line":22,"column":6},"end":{"line":22,"column":62}},"12":{"start":{"line":25,"column":4},"end":{"line":25,"column":25}},"13":{"start":{"line":27,"column":4},"end":{"line":27,"column":52}},"14":{"start":{"line":32,"column":0},"end":{"line":56,"column":3}},"15":{"start":{"line":33,"column":2},"end":{"line":55,"column":3}},"16":{"start":{"line":34,"column":38},"end":{"line":34,"column":46}},"17":{"start":{"line":36,"column":19},"end":{"line":36,"column":69}},"18":{"start":{"line":38,"column":4},"end":{"line":40,"column":5}},"19":{"start":{"line":39,"column":6},"end":{"line":39,"column":65}},"20":{"start":{"line":42,"column":4},"end":{"line":44,"column":5}},"21":{"start":{"line":43,"column":6},"end":{"line":43,"column":78}},"22":{"start":{"line":46,"column":4},"end":{"line":48,"column":5}},"23":{"start":{"line":47,"column":6},"end":{"line":47,"column":89}},"24":{"start":{"line":50,"column":20},"end":{"line":50,"column":88}},"25":{"start":{"line":52,"column":4},"end":{"line":52,"column":34}},"26":{"start":{"line":54,"column":4},"end":{"line":54,"column":51}},"27":{"start":{"line":59,"column":0},"end":{"line":81,"column":3}},"28":{"start":{"line":60,"column":2},"end":{"line":80,"column":3}},"29":{"start":{"line":61,"column":19},"end":{"line":61,"column":69}},"30":{"start":{"line":63,"column":4},"end":{"line":65,"column":5}},"31":{"start":{"line":64,"column":6},"end":{"line":64,"column":65}},"32":{"start":{"line":67,"column":4},"end":{"line":69,"column":5}},"33":{"start":{"line":68,"column":6},"end":{"line":68,"column":90}},"34":{"start":{"line":71,"column":4},"end":{"line":73,"column":5}},"35":{"start":{"line":72,"column":6},"end":{"line":72,"column":91}},"36":{"start":{"line":75,"column":20},"end":{"line":75,"column":68}},"37":{"start":{"line":77,"column":4},"end":{"line":77,"column":34}},"38":{"start":{"line":79,"column":4},"end":{"line":79,"column":51}},"39":{"start":{"line":84,"column":0},"end":{"line":104,"column":3}},"40":{"start":{"line":85,"column":2},"end":{"line":103,"column":3}},"41":{"start":{"line":86,"column":33},"end":{"line":86,"column":41}},"42":{"start":{"line":88,"column":19},"end":{"line":88,"column":69}},"43":{"start":{"line":90,"column":4},"end":{"line":92,"column":5}},"44":{"start":{"line":91,"column":6},"end":{"line":91,"column":65}},"45":{"start":{"line":94,"column":4},"end":{"line":96,"column":5}},"46":{"start":{"line":95,"column":6},"end":{"line":95,"column":80}},"47":{"start":{"line":98,"column":20},"end":{"line":98,"column":99}},"48":{"start":{"line":100,"column":4},"end":{"line":100,"column":26}},"49":{"start":{"line":102,"column":4},"end":{"line":102,"column":51}},"50":{"start":{"line":107,"column":0},"end":{"line":115,"column":3}},"51":{"start":{"line":108,"column":2},"end":{"line":114,"column":3}},"52":{"start":{"line":109,"column":20},"end":{"line":109,"column":67}},"53":{"start":{"line":111,"column":4},"end":{"line":111,"column":34}},"54":{"start":{"line":113,"column":4},"end":{"line":113,"column":51}},"55":{"start":{"line":118,"column":0},"end":{"line":132,"column":3}},"56":{"start":{"line":119,"column":2},"end":{"line":131,"column":3}},"57":{"start":{"line":120,"column":23},"end":{"line":120,"column":32}},"58":{"start":{"line":122,"column":4},"end":{"line":124,"column":5}},"59":{"start":{"line":123,"column":6},"end":{"line":123,"column":64}},"60":{"start":{"line":126,"column":44},"end":{"line":126,"column":103}},"61":{"start":{"line":128,"column":4},"end":{"line":128,"column":74}},"62":{"start":{"line":130,"column":4},"end":{"line":130,"column":52}},"63":{"start":{"line":134,"column":0},"end":{"line":134,"column":24}}},"fnMap":{"0":{"name":"(anonymous_0)","decl":{"start":{"line":9,"column":38},"end":{"line":9,"column":39}},"loc":{"start":{"line":9,"column":58},"end":{"line":29,"column":1}},"line":9},"1":{"name":"(anonymous_1)","decl":{"start":{"line":32,"column":44},"end":{"line":32,"column":45}},"loc":{"start":{"line":32,"column":64},"end":{"line":56,"column":1}},"line":32},"2":{"name":"(anonymous_2)","decl":{"start":{"line":59,"column":47},"end":{"line":59,"column":48}},"loc":{"start":{"line":59,"column":67},"end":{"line":81,"column":1}},"line":59},"3":{"name":"(anonymous_3)","decl":{"start":{"line":84,"column":47},"end":{"line":84,"column":48}},"loc":{"start":{"line":84,"column":67},"end":{"line":104,"column":1}},"line":84},"4":{"name":"(anonymous_4)","decl":{"start":{"line":107,"column":83},"end":{"line":107,"column":84}},"loc":{"start":{"line":107,"column":103},"end":{"line":115,"column":1}},"line":107},"5":{"name":"(anonymous_5)","decl":{"start":{"line":118,"column":55},"end":{"line":118,"column":56}},"loc":{"start":{"line":118,"column":75},"end":{"line":132,"column":1}},"line":118}},"branchMap":{"0":{"loc":{"start":{"line":13,"column":4},"end":{"line":15,"column":5}},"type":"if","locations":[{"start":{"line":13,"column":4},"end":{"line":15,"column":5}},{"start":{},"end":{}}],"line":13},"1":{"loc":{"start":{"line":18,"column":4},"end":{"line":23,"column":5}},"type":"if","locations":[{"start":{"line":18,"column":4},"end":{"line":23,"column":5}},{"start":{},"end":{}}],"line":18},"2":{"loc":{"start":{"line":18,"column":8},"end":{"line":21,"column":37}},"type":"binary-expr","locations":[{"start":{"line":18,"column":8},"end":{"line":18,"column":42}},{"start":{"line":19,"column":8},"end":{"line":19,"column":44}},{"start":{"line":20,"column":8},"end":{"line":20,"column":33}},{"start":{"line":21,"column":8},"end":{"line":21,"column":37}}],"line":18},"3":{"loc":{"start":{"line":38,"column":4},"end":{"line":40,"column":5}},"type":"if","locations":[{"start":{"line":38,"column":4},"end":{"line":40,"column":5}},{"start":{},"end":{}}],"line":38},"4":{"loc":{"start":{"line":42,"column":4},"end":{"line":44,"column":5}},"type":"if","locations":[{"start":{"line":42,"column":4},"end":{"line":44,"column":5}},{"start":{},"end":{}}],"line":42},"5":{"loc":{"start":{"line":46,"column":4},"end":{"line":48,"column":5}},"type":"if","locations":[{"start":{"line":46,"column":4},"end":{"line":48,"column":5}},{"start":{},"end":{}}],"line":46},"6":{"loc":{"start":{"line":63,"column":4},"end":{"line":65,"column":5}},"type":"if","locations":[{"start":{"line":63,"column":4},"end":{"line":65,"column":5}},{"start":{},"end":{}}],"line":63},"7":{"loc":{"start":{"line":67,"column":4},"end":{"line":69,"column":5}},"type":"if","locations":[{"start":{"line":67,"column":4},"end":{"line":69,"column":5}},{"start":{},"end":{}}],"line":67},"8":{"loc":{"start":{"line":67,"column":8},"end":{"line":67,"column":71}},"type":"binary-expr","locations":[{"start":{"line":67,"column":8},"end":{"line":67,"column":42}},{"start":{"line":67,"column":46},"end":{"line":67,"column":71}}],"line":67},"9":{"loc":{"start":{"line":71,"column":4},"end":{"line":73,"column":5}},"type":"if","locations":[{"start":{"line":71,"column":4},"end":{"line":73,"column":5}},{"start":{},"end":{}}],"line":71},"10":{"loc":{"start":{"line":90,"column":4},"end":{"line":92,"column":5}},"type":"if","locations":[{"start":{"line":90,"column":4},"end":{"line":92,"column":5}},{"start":{},"end":{}}],"line":90},"11":{"loc":{"start":{"line":94,"column":4},"end":{"line":96,"column":5}},"type":"if","locations":[{"start":{"line":94,"column":4},"end":{"line":96,"column":5}},{"start":{},"end":{}}],"line":94},"12":{"loc":{"start":{"line":94,"column":8},"end":{"line":94,"column":82}},"type":"binary-expr","locations":[{"start":{"line":94,"column":8},"end":{"line":94,"column":42}},{"start":{"line":94,"column":46},"end":{"line":94,"column":82}}],"line":94},"13":{"loc":{"start":{"line":122,"column":4},"end":{"line":124,"column":5}},"type":"if","locations":[{"start":{"line":122,"column":4},"end":{"line":124,"column":5}},{"start":{},"end":{}}],"line":122}},"s":{"0":2,"1":2,"2":2,"3":2,"4":2,"5":2,"6":0,"7":0,"8":0,"9":0,"10":0,"11":0,"12":0,"13":0,"14":2,"15":0,"16":0,"17":0,"18":0,"19":0,"20":0,"21":0,"22":0,"23":0,"24":0,"25":0,"26":0,"27":2,"28":0,"29":0,"30":0,"31":0,"32":0,"33":0,"34":0,"35":0,"36":0,"37":0,"38":0,"39":2,"40":0,"41":0,"42":0,"43":0,"44":0,"45":0,"46":0,"47":0,"48":0,"49":0,"50":2,"51":0,"52":0,"53":0,"54":0,"55":2,"56":0,"57":0,"58":0,"59":0,"60":0,"61":0,"62":0,"63":2},"f":{"0":0,"1":0,"2":0,"3":0,"4":0,"5":0},"b":{"0":[0,0],"1":[0,0],"2":[0,0,0,0],"3":[0,0],"4":[0,0],"5":[0,0],"6":[0,0],"7":[0,0],"8":[0,0],"9":[0,0],"10":[0,0],"11":[0,0],"12":[0,0],"13":[0,0]},"_coverageSchema":"1a1c01bbd47fc00a2c39e90264f33305004495a9","hash":"76217f371ea630dad17acf0b2203551ee4c08de6"}
,"C:\\Users\\Dmitryy\\Desktop\\githubprojct\\backend\\src\\routes\\support.js": {"path":"C:\\Users\\Dmitryy\\Desktop\\githubprojct\\backend\\src\\routes\\support.js","statementMap":{"0":{"start":{"line":1,"column":16},"end":{"line":1,"column":34}},"1":{"start":{"line":2,"column":45},"end":{"line":2,"column":74}},"2":{"start":{"line":3,"column":25},"end":{"line":3,"column":64}},"3":{"start":{"line":4,"column":11},"end":{"line":4,"column":40}},"4":{"start":{"line":6,"column":15},"end":{"line":6,"column":31}},"5":{"start":{"line":9,"column":0},"end":{"line":24,"column":3}},"6":{"start":{"line":10,"column":2},"end":{"line":23,"column":3}},"7":{"start":{"line":11,"column":44},"end":{"line":11,"column":52}},"8":{"start":{"line":13,"column":19},"end":{"line":18,"column":5}},"9":{"start":{"line":20,"column":4},"end":{"line":20,"column":37}},"10":{"start":{"line":22,"column":4},"end":{"line":22,"column":52}},"11":{"start":{"line":27,"column":0},"end":{"line":58,"column":3}},"12":{"start":{"line":28,"column":2},"end":{"line":57,"column":3}},"13":{"start":{"line":29,"column":24},"end":{"line":29,"column":32}},"14":{"start":{"line":31,"column":19},"end":{"line":34,"column":5}},"15":{"start":{"line":36,"column":4},"end":{"line":38,"column":5}},"16":{"start":{"line":37,"column":6},"end":{"line":37,"column":65}},"17":{"start":{"line":40,"column":4},"end":{"line":42,"column":5}},"18":{"start":{"line":41,"column":6},"end":{"line":41,"column":62}},"19":{"start":{"line":44,"column":19},"end":{"line":48,"column":5}},"20":{"start":{"line":50,"column":4},"end":{"line":54,"column":7}},"21":{"start":{"line":56,"column":4},"end":{"line":56,"column":51}},"22":{"start":{"line":61,"column":0},"end":{"line":72,"column":3}},"23":{"start":{"line":62,"column":2},"end":{"line":71,"column":3}},"24":{"start":{"line":63,"column":19},"end":{"line":66,"column":5}},"25":{"start":{"line":68,"column":4},"end":{"line":68,"column":39}},"26":{"start":{"line":70,"column":4},"end":{"line":70,"column":52}},"27":{"start":{"line":75,"column":0},"end":{"line":109,"column":3}},"28":{"start":{"line":76,"column":2},"end":{"line":108,"column":3}},"29":{"start":{"line":77,"column":33},"end":{"line":77,"column":42}},"30":{"start":{"line":79,"column":16},"end":{"line":84,"column":5}},"31":{"start":{"line":86,"column":19},"end":{"line":86,"column":21}},"32":{"start":{"line":87,"column":21},"end":{"line":87,"column":22}},"33":{"start":{"line":89,"column":4},"end":{"line":93,"column":5}},"34":{"start":{"line":90,"column":6},"end":{"line":90,"column":48}},"35":{"start":{"line":91,"column":6},"end":{"line":91,"column":26}},"36":{"start":{"line":92,"column":6},"end":{"line":92,"column":19}},"37":{"start":{"line":95,"column":4},"end":{"line":99,"column":5}},"38":{"start":{"line":96,"column":6},"end":{"line":96,"column":55}},"39":{"start":{"line":97,"column":11},"end":{"line":99,"column":5}},"40":{"start":{"line":98,"column":6},"end":{"line":98,"column":51}},"41":{"start":{"line":101,"column":4},"end":{"line":101,"column":43}},"42":{"start":{"line":103,"column":19},"end":{"line":103,"column":48}},"43":{"start":{"line":105,"column":4},"end":{"line":105,"column":39}},"44":{"start":{"line":107,"column":4},"end":{"line":107,"column":52}},"45":{"start":{"line":112,"column":0},"end":{"line":120,"column":3}},"46":{"start":{"line":113,"column":2},"end":{"line":119,"column":3}},"47":{"start":{"line":114,"column":4},"end":{"line":114,"column":79}},"48":{"start":{"line":116,"column":4},"end":{"line":116,"column":32}},"49":{"start":{"line":118,"column":4},"end":{"line":118,"column":51}},"50":{"start":{"line":123,"column":0},"end":{"line":131,"column":3}},"51":{"start":{"line":124,"column":2},"end":{"line":130,"column":3}},"52":{"start":{"line":125,"column":4},"end":{"line":125,"column":67}},"53":{"start":{"line":127,"column":4},"end":{"line":127,"column":32}},"54":{"start":{"line":129,"column":4},"end":{"line":129,"column":51}},"55":{"start":{"line":133,"column":0},"end":{"line":133,"column":24}}},"fnMap":{"0":{"name":"(anonymous_0)","decl":{"start":{"line":9,"column":43},"end":{"line":9,"column":44}},"loc":{"start":{"line":9,"column":63},"end":{"line":24,"column":1}},"line":9},"1":{"name":"(anonymous_1)","decl":{"start":{"line":27,"column":56},"end":{"line":27,"column":57}},"loc":{"start":{"line":27,"column":76},"end":{"line":58,"column":1}},"line":27},"2":{"name":"(anonymous_2)","decl":{"start":{"line":61,"column":45},"end":{"line":61,"column":46}},"loc":{"start":{"line":61,"column":65},"end":{"line":72,"column":1}},"line":61},"3":{"name":"(anonymous_3)","decl":{"start":{"line":75,"column":79},"end":{"line":75,"column":80}},"loc":{"start":{"line":75,"column":99},"end":{"line":109,"column":1}},"line":75},"4":{"name":"(anonymous_4)","decl":{"start":{"line":112,"column":91},"end":{"line":112,"column":92}},"loc":{"start":{"line":112,"column":111},"end":{"line":120,"column":1}},"line":112},"5":{"name":"(anonymous_5)","decl":{"start":{"line":123,"column":90},"end":{"line":123,"column":91}},"loc":{"start":{"line":123,"column":110},"end":{"line":131,"column":1}},"line":123}},"branchMap":{"0":{"loc":{"start":{"line":16,"column":6},"end":{"line":16,"column":20}},"type":"binary-expr","locations":[{"start":{"line":16,"column":6},"end":{"line":16,"column":14}},{"start":{"line":16,"column":18},"end":{"line":16,"column":20}}],"line":16},"1":{"loc":{"start":{"line":36,"column":4},"end":{"line":38,"column":5}},"type":"if","locations":[{"start":{"line":36,"column":4},"end":{"line":38,"column":5}},{"start":{},"end":{}}],"line":36},"2":{"loc":{"start":{"line":40,"column":4},"end":{"line":42,"column":5}},"type":"if","locations":[{"start":{"line":40,"column":4},"end":{"line":42,"column":5}},{"start":{},"end":{}}],"line":40},"3":{"loc":{"start":{"line":40,"column":8},"end":{"line":40,"column":75}},"type":"binary-expr","locations":[{"start":{"line":40,"column":8},"end":{"line":40,"column":46}},{"start":{"line":40,"column":50},"end":{"line":40,"column":75}}],"line":40},"4":{"loc":{"start":{"line":89,"column":4},"end":{"line":93,"column":5}},"type":"if","locations":[{"start":{"line":89,"column":4},"end":{"line":93,"column":5}},{"start":{},"end":{}}],"line":89},"5":{"loc":{"start":{"line":95,"column":4},"end":{"line":99,"column":5}},"type":"if","locations":[{"start":{"line":95,"column":4},"end":{"line":99,"column":5}},{"start":{"line":97,"column":11},"end":{"line":99,"column":5}}],"line":95},"6":{"loc":{"start":{"line":97,"column":11},"end":{"line":99,"column":5}},"type":"if","locations":[{"start":{"line":97,"column":11},"end":{"line":99,"column":5}},{"start":{},"end":{}}],"line":97}},"s":{"0":2,"1":2,"2":2,"3":2,"4":2,"5":2,"6":0,"7":0,"8":0,"9":0,"10":0,"11":2,"12":0,"13":0,"14":0,"15":0,"16":0,"17":0,"18":0,"19":0,"20":0,"21":0,"22":2,"23":0,"24":0,"25":0,"26":0,"27":2,"28":0,"29":0,"30":0,"31":0,"32":0,"33":0,"34":0,"35":0,"36":0,"37":0,"38":0,"39":0,"40":0,"41":0,"42":0,"43":0,"44":0,"45":2,"46":0,"47":0,"48":0,"49":0,"50":2,"51":0,"52":0,"53":0,"54":0,"55":2},"f":{"0":0,"1":0,"2":0,"3":0,"4":0,"5":0},"b":{"0":[0,0],"1":[0,0],"2":[0,0],"3":[0,0],"4":[0,0],"5":[0,0],"6":[0,0]},"_coverageSchema":"1a1c01bbd47fc00a2c39e90264f33305004495a9","hash":"533170d0860f0c23c8da1ffb8a63399ae96dca00"}
,"C:\\Users\\Dmitryy\\Desktop\\githubprojct\\backend\\src\\routes\\tasks.js": {"path":"C:\\Users\\Dmitryy\\Desktop\\githubprojct\\backend\\src\\routes\\tasks.js","statementMap":{"0":{"start":{"line":1,"column":16},"end":{"line":1,"column":34}},"1":{"start":{"line":2,"column":30},"end":{"line":2,"column":59}},"2":{"start":{"line":3,"column":11},"end":{"line":3,"column":40}},"3":{"start":{"line":4,"column":22},"end":{"line":4,"column":58}},"4":{"start":{"line":6,"column":15},"end":{"line":6,"column":31}},"5":{"start":{"line":9,"column":0},"end":{"line":62,"column":3}},"6":{"start":{"line":10,"column":2},"end":{"line":61,"column":3}},"7":{"start":{"line":11,"column":94},"end":{"line":11,"column":103}},"8":{"start":{"line":13,"column":16},"end":{"line":18,"column":5}},"9":{"start":{"line":20,"column":19},"end":{"line":20,"column":21}},"10":{"start":{"line":21,"column":21},"end":{"line":21,"column":22}},"11":{"start":{"line":23,"column":4},"end":{"line":27,"column":5}},"12":{"start":{"line":24,"column":6},"end":{"line":24,"column":48}},"13":{"start":{"line":25,"column":6},"end":{"line":25,"column":26}},"14":{"start":{"line":26,"column":6},"end":{"line":26,"column":19}},"15":{"start":{"line":29,"column":4},"end":{"line":33,"column":5}},"16":{"start":{"line":30,"column":6},"end":{"line":30,"column":50}},"17":{"start":{"line":31,"column":6},"end":{"line":31,"column":28}},"18":{"start":{"line":32,"column":6},"end":{"line":32,"column":19}},"19":{"start":{"line":35,"column":4},"end":{"line":39,"column":5}},"20":{"start":{"line":36,"column":6},"end":{"line":36,"column":53}},"21":{"start":{"line":37,"column":6},"end":{"line":37,"column":30}},"22":{"start":{"line":38,"column":6},"end":{"line":38,"column":19}},"23":{"start":{"line":41,"column":4},"end":{"line":45,"column":5}},"24":{"start":{"line":42,"column":6},"end":{"line":42,"column":53}},"25":{"start":{"line":43,"column":6},"end":{"line":43,"column":30}},"26":{"start":{"line":44,"column":6},"end":{"line":44,"column":19}},"27":{"start":{"line":47,"column":4},"end":{"line":51,"column":5}},"28":{"start":{"line":48,"column":6},"end":{"line":48,"column":54}},"29":{"start":{"line":49,"column":6},"end":{"line":49,"column":31}},"30":{"start":{"line":50,"column":6},"end":{"line":50,"column":19}},"31":{"start":{"line":53,"column":4},"end":{"line":53,"column":53}},"32":{"start":{"line":55,"column":19},"end":{"line":55,"column":48}},"33":{"start":{"line":57,"column":4},"end":{"line":57,"column":37}},"34":{"start":{"line":59,"column":4},"end":{"line":59,"column":45}},"35":{"start":{"line":60,"column":4},"end":{"line":60,"column":52}},"36":{"start":{"line":65,"column":0},"end":{"line":95,"column":3}},"37":{"start":{"line":66,"column":2},"end":{"line":94,"column":3}},"38":{"start":{"line":67,"column":19},"end":{"line":74,"column":5}},"39":{"start":{"line":76,"column":4},"end":{"line":78,"column":5}},"40":{"start":{"line":77,"column":6},"end":{"line":77,"column":63}},"41":{"start":{"line":80,"column":22},"end":{"line":86,"column":5}},"42":{"start":{"line":88,"column":4},"end":{"line":91,"column":7}},"43":{"start":{"line":93,"column":4},"end":{"line":93,"column":52}},"44":{"start":{"line":98,"column":0},"end":{"line":118,"column":3}},"45":{"start":{"line":99,"column":2},"end":{"line":117,"column":3}},"46":{"start":{"line":100,"column":97},"end":{"line":100,"column":105}},"47":{"start":{"line":102,"column":4},"end":{"line":104,"column":5}},"48":{"start":{"line":103,"column":6},"end":{"line":103,"column":80}},"49":{"start":{"line":106,"column":19},"end":{"line":111,"column":5}},"50":{"start":{"line":113,"column":4},"end":{"line":113,"column":51}},"51":{"start":{"line":115,"column":4},"end":{"line":115,"column":47}},"52":{"start":{"line":116,"column":4},"end":{"line":116,"column":52}},"53":{"start":{"line":121,"column":0},"end":{"line":142,"column":3}},"54":{"start":{"line":122,"column":2},"end":{"line":141,"column":3}},"55":{"start":{"line":123,"column":51},"end":{"line":123,"column":59}},"56":{"start":{"line":125,"column":4},"end":{"line":127,"column":5}},"57":{"start":{"line":126,"column":6},"end":{"line":126,"column":86}},"58":{"start":{"line":129,"column":19},"end":{"line":136,"column":5}},"59":{"start":{"line":138,"column":4},"end":{"line":138,"column":55}},"60":{"start":{"line":140,"column":4},"end":{"line":140,"column":52}},"61":{"start":{"line":145,"column":0},"end":{"line":199,"column":3}},"62":{"start":{"line":146,"column":2},"end":{"line":198,"column":3}},"63":{"start":{"line":147,"column":17},"end":{"line":150,"column":5}},"64":{"start":{"line":152,"column":4},"end":{"line":154,"column":5}},"65":{"start":{"line":153,"column":6},"end":{"line":153,"column":79}},"66":{"start":{"line":156,"column":21},"end":{"line":159,"column":5}},"67":{"start":{"line":161,"column":4},"end":{"line":163,"column":5}},"68":{"start":{"line":162,"column":6},"end":{"line":162,"column":67}},"69":{"start":{"line":165,"column":19},"end":{"line":165,"column":39}},"70":{"start":{"line":167,"column":4},"end":{"line":195,"column":5}},"71":{"start":{"line":168,"column":6},"end":{"line":168,"column":34}},"72":{"start":{"line":170,"column":6},"end":{"line":173,"column":8}},"73":{"start":{"line":175,"column":6},"end":{"line":178,"column":8}},"74":{"start":{"line":180,"column":21},"end":{"line":185,"column":7}},"75":{"start":{"line":187,"column":6},"end":{"line":187,"column":35}},"76":{"start":{"line":189,"column":6},"end":{"line":189,"column":75}},"77":{"start":{"line":191,"column":6},"end":{"line":191,"column":37}},"78":{"start":{"line":192,"column":6},"end":{"line":192,"column":18}},"79":{"start":{"line":194,"column":6},"end":{"line":194,"column":23}},"80":{"start":{"line":197,"column":4},"end":{"line":197,"column":52}},"81":{"start":{"line":201,"column":0},"end":{"line":201,"column":24}}},"fnMap":{"0":{"name":"(anonymous_0)","decl":{"start":{"line":9,"column":35},"end":{"line":9,"column":36}},"loc":{"start":{"line":9,"column":55},"end":{"line":62,"column":1}},"line":9},"1":{"name":"(anonymous_1)","decl":{"start":{"line":65,"column":38},"end":{"line":65,"column":39}},"loc":{"start":{"line":65,"column":58},"end":{"line":95,"column":1}},"line":65},"2":{"name":"(anonymous_2)","decl":{"start":{"line":98,"column":36},"end":{"line":98,"column":37}},"loc":{"start":{"line":98,"column":56},"end":{"line":118,"column":1}},"line":98},"3":{"name":"(anonymous_3)","decl":{"start":{"line":121,"column":49},"end":{"line":121,"column":50}},"loc":{"start":{"line":121,"column":69},"end":{"line":142,"column":1}},"line":121},"4":{"name":"(anonymous_4)","decl":{"start":{"line":145,"column":68},"end":{"line":145,"column":69}},"loc":{"start":{"line":145,"column":88},"end":{"line":199,"column":1}},"line":145}},"branchMap":{"0":{"loc":{"start":{"line":11,"column":54},"end":{"line":11,"column":73}},"type":"default-arg","locations":[{"start":{"line":11,"column":61},"end":{"line":11,"column":73}}],"line":11},"1":{"loc":{"start":{"line":11,"column":75},"end":{"line":11,"column":89}},"type":"default-arg","locations":[{"start":{"line":11,"column":83},"end":{"line":11,"column":89}}],"line":11},"2":{"loc":{"start":{"line":23,"column":4},"end":{"line":27,"column":5}},"type":"if","locations":[{"start":{"line":23,"column":4},"end":{"line":27,"column":5}},{"start":{},"end":{}}],"line":23},"3":{"loc":{"start":{"line":29,"column":4},"end":{"line":33,"column":5}},"type":"if","locations":[{"start":{"line":29,"column":4},"end":{"line":33,"column":5}},{"start":{},"end":{}}],"line":29},"4":{"loc":{"start":{"line":35,"column":4},"end":{"line":39,"column":5}},"type":"if","locations":[{"start":{"line":35,"column":4},"end":{"line":39,"column":5}},{"start":{},"end":{}}],"line":35},"5":{"loc":{"start":{"line":41,"column":4},"end":{"line":45,"column":5}},"type":"if","locations":[{"start":{"line":41,"column":4},"end":{"line":45,"column":5}},{"start":{},"end":{}}],"line":41},"6":{"loc":{"start":{"line":47,"column":4},"end":{"line":51,"column":5}},"type":"if","locations":[{"start":{"line":47,"column":4},"end":{"line":51,"column":5}},{"start":{},"end":{}}],"line":47},"7":{"loc":{"start":{"line":76,"column":4},"end":{"line":78,"column":5}},"type":"if","locations":[{"start":{"line":76,"column":4},"end":{"line":78,"column":5}},{"start":{},"end":{}}],"line":76},"8":{"loc":{"start":{"line":102,"column":4},"end":{"line":104,"column":5}},"type":"if","locations":[{"start":{"line":102,"column":4},"end":{"line":104,"column":5}},{"start":{},"end":{}}],"line":102},"9":{"loc":{"start":{"line":102,"column":8},"end":{"line":102,"column":65}},"type":"binary-expr","locations":[{"start":{"line":102,"column":8},"end":{"line":102,"column":36}},{"start":{"line":102,"column":40},"end":{"line":102,"column":65}}],"line":102},"10":{"loc":{"start":{"line":110,"column":82},"end":{"line":110,"column":99}},"type":"binary-expr","locations":[{"start":{"line":110,"column":82},"end":{"line":110,"column":90}},{"start":{"line":110,"column":94},"end":{"line":110,"column":99}}],"line":110},"11":{"loc":{"start":{"line":125,"column":4},"end":{"line":127,"column":5}},"type":"if","locations":[{"start":{"line":125,"column":4},"end":{"line":127,"column":5}},{"start":{},"end":{}}],"line":125},"12":{"loc":{"start":{"line":152,"column":4},"end":{"line":154,"column":5}},"type":"if","locations":[{"start":{"line":152,"column":4},"end":{"line":154,"column":5}},{"start":{},"end":{}}],"line":152},"13":{"loc":{"start":{"line":161,"column":4},"end":{"line":163,"column":5}},"type":"if","locations":[{"start":{"line":161,"column":4},"end":{"line":163,"column":5}},{"start":{},"end":{}}],"line":161}},"s":{"0":2,"1":2,"2":2,"3":2,"4":2,"5":2,"6":0,"7":0,"8":0,"9":0,"10":0,"11":0,"12":0,"13":0,"14":0,"15":0,"16":0,"17":0,"18":0,"19":0,"20":0,"21":0,"22":0,"23":0,"24":0,"25":0,"26":0,"27":0,"28":0,"29":0,"30":0,"31":0,"32":0,"33":0,"34":0,"35":0,"36":2,"37":0,"38":0,"39":0,"40":0,"41":0,"42":0,"43":0,"44":2,"45":0,"46":0,"47":0,"48":0,"49":0,"50":0,"51":0,"52":0,"53":2,"54":0,"55":0,"56":0,"57":0,"58":0,"59":0,"60":0,"61":2,"62":0,"63":0,"64":0,"65":0,"66":0,"67":0,"68":0,"69":0,"70":0,"71":0,"72":0,"73":0,"74":0,"75":0,"76":0,"77":0,"78":0,"79":0,"80":0,"81":2},"f":{"0":0,"1":0,"2":0,"3":0,"4":0},"b":{"0":[0],"1":[0],"2":[0,0],"3":[0,0],"4":[0,0],"5":[0,0],"6":[0,0],"7":[0,0],"8":[0,0],"9":[0,0],"10":[0,0],"11":[0,0],"12":[0,0],"13":[0,0]},"_coverageSchema":"1a1c01bbd47fc00a2c39e90264f33305004495a9","hash":"2478641d9edbdfb0944e92ef60dcb111f8fb20d6"}
,"C:\\Users\\Dmitryy\\Desktop\\githubprojct\\backend\\src\\services\\aiSupportService.js": {"path":"C:\\Users\\Dmitryy\\Desktop\\githubprojct\\backend\\src\\services\\aiSupportService.js","statementMap":{"0":{"start":{"line":1,"column":19},"end":{"line":1,"column":36}},"1":{"start":{"line":2,"column":11},"end":{"line":2,"column":40}},"2":{"start":{"line":3,"column":0},"end":{"line":3,"column":27}},"3":{"start":{"line":5,"column":15},"end":{"line":7,"column":2}},"4":{"start":{"line":9,"column":29},"end":{"line":9,"column":83}},"5":{"start":{"line":11,"column":27},"end":{"line":32,"column":1}},"6":{"start":{"line":35,"column":24},"end":{"line":35,"column":46}},"7":{"start":{"line":37,"column":2},"end":{"line":45,"column":3}},"8":{"start":{"line":38,"column":4},"end":{"line":44,"column":5}},"9":{"start":{"line":38,"column":37},"end":{"line":38,"column":68}},"10":{"start":{"line":39,"column":6},"end":{"line":43,"column":8}},"11":{"start":{"line":47,"column":2},"end":{"line":47,"column":14}},"12":{"start":{"line":51,"column":2},"end":{"line":89,"column":3}},"13":{"start":{"line":52,"column":25},"end":{"line":60,"column":5}},"14":{"start":{"line":62,"column":23},"end":{"line":70,"column":6}},"15":{"start":{"line":72,"column":21},"end":{"line":72,"column":58}},"16":{"start":{"line":75,"column":23},"end":{"line":75,"column":62}},"17":{"start":{"line":77,"column":4},"end":{"line":81,"column":6}},"18":{"start":{"line":83,"column":4},"end":{"line":83,"column":47}},"19":{"start":{"line":84,"column":4},"end":{"line":88,"column":6}},"20":{"start":{"line":94,"column":27},"end":{"line":94,"column":71}},"21":{"start":{"line":95,"column":27},"end":{"line":95,"column":71}},"22":{"start":{"line":97,"column":24},"end":{"line":97,"column":46}},"23":{"start":{"line":99,"column":14},"end":{"line":99,"column":17}},"24":{"start":{"line":101,"column":2},"end":{"line":101,"column":42}},"25":{"start":{"line":101,"column":29},"end":{"line":101,"column":42}},"26":{"start":{"line":102,"column":2},"end":{"line":102,"column":74}},"27":{"start":{"line":102,"column":33},"end":{"line":102,"column":58}},"28":{"start":{"line":102,"column":61},"end":{"line":102,"column":74}},"29":{"start":{"line":103,"column":2},"end":{"line":103,"column":74}},"30":{"start":{"line":103,"column":33},"end":{"line":103,"column":58}},"31":{"start":{"line":103,"column":61},"end":{"line":103,"column":74}},"32":{"start":{"line":105,"column":2},"end":{"line":105,"column":41}},"33":{"start":{"line":109,"column":17},"end":{"line":114,"column":3}},"34":{"start":{"line":116,"column":2},"end":{"line":116,"column":24}},"35":{"start":{"line":120,"column":17},"end":{"line":123,"column":3}},"36":{"start":{"line":125,"column":2},"end":{"line":127,"column":3}},"37":{"start":{"line":126,"column":4},"end":{"line":126,"column":40}},"38":{"start":{"line":129,"column":21},"end":{"line":129,"column":35}},"39":{"start":{"line":130,"column":19},"end":{"line":130,"column":44}},"40":{"start":{"line":131,"column":2},"end":{"line":131,"column":75}},"41":{"start":{"line":134,"column":20},"end":{"line":134,"column":48}},"42":{"start":{"line":136,"column":2},"end":{"line":151,"column":3}},"43":{"start":{"line":137,"column":4},"end":{"line":137,"column":91}},"44":{"start":{"line":139,"column":4},"end":{"line":144,"column":6}},"45":{"start":{"line":146,"column":4},"end":{"line":150,"column":6}},"46":{"start":{"line":154,"column":22},"end":{"line":159,"column":3}},"47":{"start":{"line":162,"column":21},"end":{"line":162,"column":76}},"48":{"start":{"line":163,"column":2},"end":{"line":168,"column":5}},"49":{"start":{"line":171,"column":19},"end":{"line":171,"column":63}},"50":{"start":{"line":173,"column":2},"end":{"line":187,"column":3}},"51":{"start":{"line":174,"column":4},"end":{"line":179,"column":6}},"52":{"start":{"line":181,"column":4},"end":{"line":186,"column":6}},"53":{"start":{"line":189,"column":2},"end":{"line":193,"column":4}},"54":{"start":{"line":197,"column":2},"end":{"line":202,"column":4}},"55":{"start":{"line":206,"column":2},"end":{"line":211,"column":4}},"56":{"start":{"line":214,"column":0},"end":{"line":222,"column":2}}},"fnMap":{"0":{"name":"findFAQAnswer","decl":{"start":{"line":34,"column":15},"end":{"line":34,"column":28}},"loc":{"start":{"line":34,"column":39},"end":{"line":48,"column":1}},"line":34},"1":{"name":"(anonymous_1)","decl":{"start":{"line":38,"column":26},"end":{"line":38,"column":27}},"loc":{"start":{"line":38,"column":37},"end":{"line":38,"column":68}},"line":38},"2":{"name":"generateAIResponse","decl":{"start":{"line":50,"column":15},"end":{"line":50,"column":33}},"loc":{"start":{"line":50,"column":58},"end":{"line":90,"column":1}},"line":50},"3":{"name":"calculateConfidence","decl":{"start":{"line":92,"column":9},"end":{"line":92,"column":28}},"loc":{"start":{"line":92,"column":49},"end":{"line":106,"column":1}},"line":92},"4":{"name":"(anonymous_4)","decl":{"start":{"line":102,"column":28},"end":{"line":102,"column":29}},"loc":{"start":{"line":102,"column":33},"end":{"line":102,"column":58}},"line":102},"5":{"name":"(anonymous_5)","decl":{"start":{"line":103,"column":28},"end":{"line":103,"column":29}},"loc":{"start":{"line":103,"column":33},"end":{"line":103,"column":58}},"line":103},"6":{"name":"createSupportTicket","decl":{"start":{"line":108,"column":15},"end":{"line":108,"column":34}},"loc":{"start":{"line":108,"column":84},"end":{"line":117,"column":1}},"line":108},"7":{"name":"processSupportMessage","decl":{"start":{"line":119,"column":15},"end":{"line":119,"column":36}},"loc":{"start":{"line":119,"column":64},"end":{"line":194,"column":1}},"line":119},"8":{"name":"assignTicketToModerator","decl":{"start":{"line":196,"column":15},"end":{"line":196,"column":38}},"loc":{"start":{"line":196,"column":62},"end":{"line":203,"column":1}},"line":196},"9":{"name":"closeTicket","decl":{"start":{"line":205,"column":15},"end":{"line":205,"column":26}},"loc":{"start":{"line":205,"column":50},"end":{"line":212,"column":1}},"line":205}},"branchMap":{"0":{"loc":{"start":{"line":9,"column":29},"end":{"line":9,"column":83}},"type":"binary-expr","locations":[{"start":{"line":9,"column":29},"end":{"line":9,"column":76}},{"start":{"line":9,"column":80},"end":{"line":9,"column":83}}],"line":9},"1":{"loc":{"start":{"line":38,"column":4},"end":{"line":44,"column":5}},"type":"if","locations":[{"start":{"line":38,"column":4},"end":{"line":44,"column":5}},{"start":{},"end":{}}],"line":38},"2":{"loc":{"start":{"line":50,"column":44},"end":{"line":50,"column":56}},"type":"default-arg","locations":[{"start":{"line":50,"column":54},"end":{"line":50,"column":56}}],"line":50},"3":{"loc":{"start":{"line":57,"column":14},"end":{"line":57,"column":42}},"type":"binary-expr","locations":[{"start":{"line":57,"column":14},"end":{"line":57,"column":26}},{"start":{"line":57,"column":30},"end":{"line":57,"column":42}}],"line":57},"4":{"loc":{"start":{"line":58,"column":24},"end":{"line":58,"column":48}},"type":"binary-expr","locations":[{"start":{"line":58,"column":24},"end":{"line":58,"column":43}},{"start":{"line":58,"column":47},"end":{"line":58,"column":48}}],"line":58},"5":{"loc":{"start":{"line":59,"column":17},"end":{"line":59,"column":40}},"type":"binary-expr","locations":[{"start":{"line":59,"column":17},"end":{"line":59,"column":31}},{"start":{"line":59,"column":35},"end":{"line":59,"column":40}}],"line":59},"6":{"loc":{"start":{"line":101,"column":2},"end":{"line":101,"column":42}},"type":"if","locations":[{"start":{"line":101,"column":2},"end":{"line":101,"column":42}},{"start":{},"end":{}}],"line":101},"7":{"loc":{"start":{"line":102,"column":2},"end":{"line":102,"column":74}},"type":"if","locations":[{"start":{"line":102,"column":2},"end":{"line":102,"column":74}},{"start":{},"end":{}}],"line":102},"8":{"loc":{"start":{"line":103,"column":2},"end":{"line":103,"column":74}},"type":"if","locations":[{"start":{"line":103,"column":2},"end":{"line":103,"column":74}},{"start":{},"end":{}}],"line":103},"9":{"loc":{"start":{"line":108,"column":62},"end":{"line":108,"column":82}},"type":"default-arg","locations":[{"start":{"line":108,"column":73},"end":{"line":108,"column":82}}],"line":108},"10":{"loc":{"start":{"line":125,"column":2},"end":{"line":127,"column":3}},"type":"if","locations":[{"start":{"line":125,"column":2},"end":{"line":127,"column":3}},{"start":{},"end":{}}],"line":125},"11":{"loc":{"start":{"line":130,"column":19},"end":{"line":130,"column":44}},"type":"binary-expr","locations":[{"start":{"line":130,"column":19},"end":{"line":130,"column":38}},{"start":{"line":130,"column":42},"end":{"line":130,"column":44}}],"line":130},"12":{"loc":{"start":{"line":136,"column":2},"end":{"line":151,"column":3}},"type":"if","locations":[{"start":{"line":136,"column":2},"end":{"line":151,"column":3}},{"start":{},"end":{}}],"line":136},"13":{"loc":{"start":{"line":173,"column":2},"end":{"line":187,"column":3}},"type":"if","locations":[{"start":{"line":173,"column":2},"end":{"line":187,"column":3}},{"start":{"line":180,"column":9},"end":{"line":187,"column":3}}],"line":173}},"s":{"0":2,"1":2,"2":2,"3":2,"4":2,"5":2,"6":0,"7":0,"8":0,"9":0,"10":0,"11":0,"12":0,"13":0,"14":0,"15":0,"16":0,"17":0,"18":0,"19":0,"20":0,"21":0,"22":0,"23":0,"24":0,"25":0,"26":0,"27":0,"28":0,"29":0,"30":0,"31":0,"32":0,"33":0,"34":0,"35":0,"36":0,"37":0,"38":0,"39":0,"40":0,"41":0,"42":0,"43":0,"44":0,"45":0,"46":0,"47":0,"48":0,"49":0,"50":0,"51":0,"52":0,"53":0,"54":0,"55":0,"56":2},"f":{"0":0,"1":0,"2":0,"3":0,"4":0,"5":0,"6":0,"7":0,"8":0,"9":0},"b":{"0":[2,2],"1":[0,0],"2":[0],"3":[0,0],"4":[0,0],"5":[0,0],"6":[0,0],"7":[0,0],"8":[0,0],"9":[0],"10":[0,0],"11":[0,0],"12":[0,0],"13":[0,0]},"_coverageSchema":"1a1c01bbd47fc00a2c39e90264f33305004495a9","hash":"ba64abae77a60d2ddaaa85f8b78e1147aa652839"}
,"C:\\Users\\Dmitryy\\Desktop\\githubprojct\\backend\\src\\services\\blockService.js": {"path":"C:\\Users\\Dmitryy\\Desktop\\githubprojct\\backend\\src\\services\\blockService.js","statementMap":{"0":{"start":{"line":1,"column":11},"end":{"line":1,"column":40}},"1":{"start":{"line":2,"column":20},"end":{"line":2,"column":46}},"2":{"start":{"line":5,"column":17},"end":{"line":5,"column":37}},"3":{"start":{"line":7,"column":2},"end":{"line":50,"column":3}},"4":{"start":{"line":8,"column":4},"end":{"line":8,"column":32}},"5":{"start":{"line":10,"column":25},"end":{"line":11,"column":66}},"6":{"start":{"line":13,"column":19},"end":{"line":22,"column":5}},"7":{"start":{"line":24,"column":4},"end":{"line":26,"column":5}},"8":{"start":{"line":25,"column":6},"end":{"line":25,"column":40}},"9":{"start":{"line":28,"column":4},"end":{"line":34,"column":5}},"10":{"start":{"line":29,"column":6},"end":{"line":33,"column":8}},"11":{"start":{"line":36,"column":4},"end":{"line":36,"column":33}},"12":{"start":{"line":38,"column":4},"end":{"line":42,"column":8}},"13":{"start":{"line":44,"column":4},"end":{"line":44,"column":26}},"14":{"start":{"line":46,"column":4},"end":{"line":46,"column":35}},"15":{"start":{"line":47,"column":4},"end":{"line":47,"column":16}},"16":{"start":{"line":49,"column":4},"end":{"line":49,"column":21}},"17":{"start":{"line":54,"column":17},"end":{"line":54,"column":37}},"18":{"start":{"line":56,"column":2},"end":{"line":92,"column":3}},"19":{"start":{"line":57,"column":4},"end":{"line":57,"column":32}},"20":{"start":{"line":59,"column":19},"end":{"line":68,"column":5}},"21":{"start":{"line":70,"column":4},"end":{"line":72,"column":5}},"22":{"start":{"line":71,"column":6},"end":{"line":71,"column":40}},"23":{"start":{"line":74,"column":4},"end":{"line":80,"column":5}},"24":{"start":{"line":75,"column":6},"end":{"line":79,"column":8}},"25":{"start":{"line":82,"column":4},"end":{"line":82,"column":33}},"26":{"start":{"line":84,"column":4},"end":{"line":84,"column":76}},"27":{"start":{"line":86,"column":4},"end":{"line":86,"column":26}},"28":{"start":{"line":88,"column":4},"end":{"line":88,"column":35}},"29":{"start":{"line":89,"column":4},"end":{"line":89,"column":16}},"30":{"start":{"line":91,"column":4},"end":{"line":91,"column":21}},"31":{"start":{"line":96,"column":17},"end":{"line":99,"column":3}},"32":{"start":{"line":101,"column":2},"end":{"line":101,"column":32}},"33":{"start":{"line":105,"column":2},"end":{"line":108,"column":4}},"34":{"start":{"line":112,"column":17},"end":{"line":115,"column":3}},"35":{"start":{"line":117,"column":2},"end":{"line":119,"column":3}},"36":{"start":{"line":118,"column":4},"end":{"line":118,"column":16}},"37":{"start":{"line":121,"column":15},"end":{"line":121,"column":29}},"38":{"start":{"line":122,"column":29},"end":{"line":123,"column":60}},"39":{"start":{"line":125,"column":2},"end":{"line":129,"column":4}},"40":{"start":{"line":132,"column":0},"end":{"line":138,"column":2}}},"fnMap":{"0":{"name":"blockUser","decl":{"start":{"line":4,"column":15},"end":{"line":4,"column":24}},"loc":{"start":{"line":4,"column":78},"end":{"line":51,"column":1}},"line":4},"1":{"name":"unblockUser","decl":{"start":{"line":53,"column":15},"end":{"line":53,"column":26}},"loc":{"start":{"line":53,"column":55},"end":{"line":93,"column":1}},"line":53},"2":{"name":"checkHardwareBlock","decl":{"start":{"line":95,"column":15},"end":{"line":95,"column":33}},"loc":{"start":{"line":95,"column":47},"end":{"line":102,"column":1}},"line":95},"3":{"name":"setHardwareFingerprint","decl":{"start":{"line":104,"column":15},"end":{"line":104,"column":37}},"loc":{"start":{"line":104,"column":59},"end":{"line":109,"column":1}},"line":104},"4":{"name":"getUserBlockStatus","decl":{"start":{"line":111,"column":15},"end":{"line":111,"column":33}},"loc":{"start":{"line":111,"column":42},"end":{"line":130,"column":1}},"line":111}},"branchMap":{"0":{"loc":{"start":{"line":4,"column":41},"end":{"line":4,"column":56}},"type":"default-arg","locations":[{"start":{"line":4,"column":52},"end":{"line":4,"column":56}}],"line":4},"1":{"loc":{"start":{"line":4,"column":58},"end":{"line":4,"column":76}},"type":"default-arg","locations":[{"start":{"line":4,"column":72},"end":{"line":4,"column":76}}],"line":4},"2":{"loc":{"start":{"line":10,"column":25},"end":{"line":11,"column":66}},"type":"cond-expr","locations":[{"start":{"line":11,"column":6},"end":{"line":11,"column":59}},{"start":{"line":11,"column":62},"end":{"line":11,"column":66}}],"line":10},"3":{"loc":{"start":{"line":24,"column":4},"end":{"line":26,"column":5}},"type":"if","locations":[{"start":{"line":24,"column":4},"end":{"line":26,"column":5}},{"start":{},"end":{}}],"line":24},"4":{"loc":{"start":{"line":28,"column":4},"end":{"line":34,"column":5}},"type":"if","locations":[{"start":{"line":28,"column":4},"end":{"line":34,"column":5}},{"start":{},"end":{}}],"line":28},"5":{"loc":{"start":{"line":53,"column":35},"end":{"line":53,"column":53}},"type":"default-arg","locations":[{"start":{"line":53,"column":49},"end":{"line":53,"column":53}}],"line":53},"6":{"loc":{"start":{"line":70,"column":4},"end":{"line":72,"column":5}},"type":"if","locations":[{"start":{"line":70,"column":4},"end":{"line":72,"column":5}},{"start":{},"end":{}}],"line":70},"7":{"loc":{"start":{"line":74,"column":4},"end":{"line":80,"column":5}},"type":"if","locations":[{"start":{"line":74,"column":4},"end":{"line":80,"column":5}},{"start":{},"end":{}}],"line":74},"8":{"loc":{"start":{"line":117,"column":2},"end":{"line":119,"column":3}},"type":"if","locations":[{"start":{"line":117,"column":2},"end":{"line":119,"column":3}},{"start":{},"end":{}}],"line":117},"9":{"loc":{"start":{"line":122,"column":29},"end":{"line":123,"column":60}},"type":"binary-expr","locations":[{"start":{"line":122,"column":29},"end":{"line":122,"column":44}},{"start":{"line":123,"column":5},"end":{"line":123,"column":24}},{"start":{"line":123,"column":28},"end":{"line":123,"column":59}}],"line":122}},"s":{"0":2,"1":2,"2":0,"3":0,"4":0,"5":0,"6":0,"7":0,"8":0,"9":0,"10":0,"11":0,"12":0,"13":0,"14":0,"15":0,"16":0,"17":0,"18":0,"19":0,"20":0,"21":0,"22":0,"23":0,"24":0,"25":0,"26":0,"27":0,"28":0,"29":0,"30":0,"31":0,"32":0,"33":0,"34":0,"35":0,"36":0,"37":0,"38":0,"39":0,"40":2},"f":{"0":0,"1":0,"2":0,"3":0,"4":0},"b":{"0":[0],"1":[0],"2":[0,0],"3":[0,0],"4":[0,0],"5":[0],"6":[0,0],"7":[0,0],"8":[0,0],"9":[0,0,0]},"_coverageSchema":"1a1c01bbd47fc00a2c39e90264f33305004495a9","hash":"f95457d0588a0dd0f7d8b84d531a9e5b09893e27"}
,"C:\\Users\\Dmitryy\\Desktop\\githubprojct\\backend\\src\\services\\escrowService.js": {"path":"C:\\Users\\Dmitryy\\Desktop\\githubprojct\\backend\\src\\services\\escrowService.js","statementMap":{"0":{"start":{"line":1,"column":11},"end":{"line":1,"column":40}},"1":{"start":{"line":2,"column":20},"end":{"line":2,"column":46}},"2":{"start":{"line":4,"column":22},"end":{"line":12,"column":1}},"3":{"start":{"line":15,"column":17},"end":{"line":23,"column":3}},"4":{"start":{"line":25,"column":2},"end":{"line":25,"column":38}},"5":{"start":{"line":29,"column":15},"end":{"line":29,"column":46}},"6":{"start":{"line":30,"column":21},"end":{"line":30,"column":34}},"7":{"start":{"line":31,"column":20},"end":{"line":31,"column":39}},"8":{"start":{"line":33,"column":2},"end":{"line":33,"column":41}},"9":{"start":{"line":37,"column":17},"end":{"line":37,"column":37}},"10":{"start":{"line":39,"column":2},"end":{"line":67,"column":3}},"11":{"start":{"line":40,"column":4},"end":{"line":40,"column":32}},"12":{"start":{"line":42,"column":44},"end":{"line":42,"column":77}},"13":{"start":{"line":44,"column":19},"end":{"line":50,"column":5}},"14":{"start":{"line":52,"column":4},"end":{"line":55,"column":6}},"15":{"start":{"line":57,"column":4},"end":{"line":57,"column":33}},"16":{"start":{"line":59,"column":4},"end":{"line":59,"column":80}},"17":{"start":{"line":61,"column":4},"end":{"line":61,"column":26}},"18":{"start":{"line":63,"column":4},"end":{"line":63,"column":35}},"19":{"start":{"line":64,"column":4},"end":{"line":64,"column":16}},"20":{"start":{"line":66,"column":4},"end":{"line":66,"column":21}},"21":{"start":{"line":71,"column":17},"end":{"line":71,"column":37}},"22":{"start":{"line":73,"column":2},"end":{"line":103,"column":3}},"23":{"start":{"line":74,"column":4},"end":{"line":74,"column":32}},"24":{"start":{"line":76,"column":19},"end":{"line":82,"column":5}},"25":{"start":{"line":84,"column":4},"end":{"line":86,"column":5}},"26":{"start":{"line":85,"column":6},"end":{"line":85,"column":54}},"27":{"start":{"line":88,"column":4},"end":{"line":91,"column":6}},"28":{"start":{"line":93,"column":4},"end":{"line":93,"column":33}},"29":{"start":{"line":95,"column":4},"end":{"line":95,"column":79}},"30":{"start":{"line":97,"column":4},"end":{"line":97,"column":26}},"31":{"start":{"line":99,"column":4},"end":{"line":99,"column":35}},"32":{"start":{"line":100,"column":4},"end":{"line":100,"column":16}},"33":{"start":{"line":102,"column":4},"end":{"line":102,"column":21}},"34":{"start":{"line":107,"column":17},"end":{"line":107,"column":37}},"35":{"start":{"line":109,"column":2},"end":{"line":154,"column":3}},"36":{"start":{"line":110,"column":4},"end":{"line":110,"column":32}},"37":{"start":{"line":112,"column":24},"end":{"line":115,"column":5}},"38":{"start":{"line":117,"column":4},"end":{"line":119,"column":5}},"39":{"start":{"line":118,"column":6},"end":{"line":118,"column":54}},"40":{"start":{"line":121,"column":4},"end":{"line":123,"column":5}},"41":{"start":{"line":122,"column":6},"end":{"line":122,"column":69}},"42":{"start":{"line":125,"column":19},"end":{"line":131,"column":5}},"43":{"start":{"line":133,"column":4},"end":{"line":136,"column":6}},"44":{"start":{"line":138,"column":4},"end":{"line":142,"column":6}},"45":{"start":{"line":144,"column":4},"end":{"line":144,"column":33}},"46":{"start":{"line":146,"column":4},"end":{"line":146,"column":81}},"47":{"start":{"line":148,"column":4},"end":{"line":148,"column":26}},"48":{"start":{"line":150,"column":4},"end":{"line":150,"column":35}},"49":{"start":{"line":151,"column":4},"end":{"line":151,"column":16}},"50":{"start":{"line":153,"column":4},"end":{"line":153,"column":21}},"51":{"start":{"line":158,"column":17},"end":{"line":158,"column":37}},"52":{"start":{"line":160,"column":2},"end":{"line":190,"column":3}},"53":{"start":{"line":161,"column":4},"end":{"line":161,"column":32}},"54":{"start":{"line":163,"column":19},"end":{"line":169,"column":5}},"55":{"start":{"line":171,"column":4},"end":{"line":173,"column":5}},"56":{"start":{"line":172,"column":6},"end":{"line":172,"column":54}},"57":{"start":{"line":175,"column":4},"end":{"line":178,"column":6}},"58":{"start":{"line":180,"column":4},"end":{"line":180,"column":33}},"59":{"start":{"line":182,"column":4},"end":{"line":182,"column":81}},"60":{"start":{"line":184,"column":4},"end":{"line":184,"column":26}},"61":{"start":{"line":186,"column":4},"end":{"line":186,"column":35}},"62":{"start":{"line":187,"column":4},"end":{"line":187,"column":16}},"63":{"start":{"line":189,"column":4},"end":{"line":189,"column":21}},"64":{"start":{"line":194,"column":17},"end":{"line":194,"column":37}},"65":{"start":{"line":196,"column":2},"end":{"line":231,"column":3}},"66":{"start":{"line":197,"column":4},"end":{"line":197,"column":32}},"67":{"start":{"line":199,"column":4},"end":{"line":202,"column":6}},"68":{"start":{"line":204,"column":20},"end":{"line":210,"column":5}},"69":{"start":{"line":212,"column":4},"end":{"line":216,"column":6}},"70":{"start":{"line":218,"column":4},"end":{"line":218,"column":33}},"71":{"start":{"line":220,"column":4},"end":{"line":223,"column":8}},"72":{"start":{"line":225,"column":4},"end":{"line":225,"column":27}},"73":{"start":{"line":227,"column":4},"end":{"line":227,"column":35}},"74":{"start":{"line":228,"column":4},"end":{"line":228,"column":16}},"75":{"start":{"line":230,"column":4},"end":{"line":230,"column":21}},"76":{"start":{"line":235,"column":17},"end":{"line":244,"column":3}},"77":{"start":{"line":246,"column":2},"end":{"line":246,"column":24}},"78":{"start":{"line":249,"column":0},"end":{"line":259,"column":2}}},"fnMap":{"0":{"name":"getCommissionRate","decl":{"start":{"line":14,"column":15},"end":{"line":14,"column":32}},"loc":{"start":{"line":14,"column":41},"end":{"line":26,"column":1}},"line":14},"1":{"name":"calculateCommission","decl":{"start":{"line":28,"column":15},"end":{"line":28,"column":34}},"loc":{"start":{"line":28,"column":43},"end":{"line":34,"column":1}},"line":28},"2":{"name":"createEscrowTransaction","decl":{"start":{"line":36,"column":15},"end":{"line":36,"column":38}},"loc":{"start":{"line":36,"column":81},"end":{"line":68,"column":1}},"line":36},"3":{"name":"fundEscrow","decl":{"start":{"line":70,"column":15},"end":{"line":70,"column":25}},"loc":{"start":{"line":70,"column":62},"end":{"line":104,"column":1}},"line":70},"4":{"name":"releaseEscrow","decl":{"start":{"line":106,"column":15},"end":{"line":106,"column":28}},"loc":{"start":{"line":106,"column":64},"end":{"line":155,"column":1}},"line":106},"5":{"name":"refundEscrow","decl":{"start":{"line":157,"column":15},"end":{"line":157,"column":27}},"loc":{"start":{"line":157,"column":43},"end":{"line":191,"column":1}},"line":157},"6":{"name":"disputeEscrow","decl":{"start":{"line":193,"column":15},"end":{"line":193,"column":28}},"loc":{"start":{"line":193,"column":75},"end":{"line":232,"column":1}},"line":193},"7":{"name":"getEscrowStatus","decl":{"start":{"line":234,"column":15},"end":{"line":234,"column":30}},"loc":{"start":{"line":234,"column":46},"end":{"line":247,"column":1}},"line":234}},"branchMap":{"0":{"loc":{"start":{"line":25,"column":9},"end":{"line":25,"column":37}},"type":"binary-expr","locations":[{"start":{"line":25,"column":9},"end":{"line":25,"column":29}},{"start":{"line":25,"column":33},"end":{"line":25,"column":37}}],"line":25},"1":{"loc":{"start":{"line":84,"column":4},"end":{"line":86,"column":5}},"type":"if","locations":[{"start":{"line":84,"column":4},"end":{"line":86,"column":5}},{"start":{},"end":{}}],"line":84},"2":{"loc":{"start":{"line":106,"column":44},"end":{"line":106,"column":62}},"type":"default-arg","locations":[{"start":{"line":106,"column":58},"end":{"line":106,"column":62}}],"line":106},"3":{"loc":{"start":{"line":117,"column":4},"end":{"line":119,"column":5}},"type":"if","locations":[{"start":{"line":117,"column":4},"end":{"line":119,"column":5}},{"start":{},"end":{}}],"line":117},"4":{"loc":{"start":{"line":121,"column":4},"end":{"line":123,"column":5}},"type":"if","locations":[{"start":{"line":121,"column":4},"end":{"line":123,"column":5}},{"start":{},"end":{}}],"line":121},"5":{"loc":{"start":{"line":121,"column":8},"end":{"line":121,"column":76}},"type":"binary-expr","locations":[{"start":{"line":121,"column":8},"end":{"line":121,"column":60}},{"start":{"line":121,"column":64},"end":{"line":121,"column":76}}],"line":121},"6":{"loc":{"start":{"line":171,"column":4},"end":{"line":173,"column":5}},"type":"if","locations":[{"start":{"line":171,"column":4},"end":{"line":173,"column":5}},{"start":{},"end":{}}],"line":171},"7":{"loc":{"start":{"line":193,"column":60},"end":{"line":193,"column":73}},"type":"default-arg","locations":[{"start":{"line":193,"column":71},"end":{"line":193,"column":73}}],"line":193}},"s":{"0":2,"1":2,"2":2,"3":0,"4":0,"5":0,"6":0,"7":0,"8":0,"9":0,"10":0,"11":0,"12":0,"13":0,"14":0,"15":0,"16":0,"17":0,"18":0,"19":0,"20":0,"21":0,"22":0,"23":0,"24":0,"25":0,"26":0,"27":0,"28":0,"29":0,"30":0,"31":0,"32":0,"33":0,"34":0,"35":0,"36":0,"37":0,"38":0,"39":0,"40":0,"41":0,"42":0,"43":0,"44":0,"45":0,"46":0,"47":0,"48":0,"49":0,"50":0,"51":0,"52":0,"53":0,"54":0,"55":0,"56":0,"57":0,"58":0,"59":0,"60":0,"61":0,"62":0,"63":0,"64":0,"65":0,"66":0,"67":0,"68":0,"69":0,"70":0,"71":0,"72":0,"73":0,"74":0,"75":0,"76":0,"77":0,"78":2},"f":{"0":0,"1":0,"2":0,"3":0,"4":0,"5":0,"6":0,"7":0},"b":{"0":[0,0],"1":[0,0],"2":[0],"3":[0,0],"4":[0,0],"5":[0,0],"6":[0,0],"7":[0]},"_coverageSchema":"1a1c01bbd47fc00a2c39e90264f33305004495a9","hash":"f67cf60a2fb9d282126a96d7dbe2dd48de06ce91"}
}
