TN:
SF:src\app.js
FN:32,(anonymous_0)
FN:49,(anonymous_1)
FN:57,(anonymous_2)
FN:62,(anonymous_3)
FNF:4
FNH:1
FNDA:1,(anonymous_0)
FNDA:0,(anonymous_1)
FNDA:0,(anonymous_2)
FNDA:0,(anonymous_3)
DA:1,2
DA:2,2
DA:3,2
DA:4,2
DA:5,2
DA:6,2
DA:7,2
DA:9,2
DA:11,2
DA:12,2
DA:15,2
DA:16,2
DA:22,2
DA:23,2
DA:26,2
DA:29,2
DA:32,2
DA:33,1
DA:34,1
DA:35,0
DA:37,1
DA:42,2
DA:43,2
DA:44,2
DA:45,2
DA:46,2
DA:49,2
DA:50,0
DA:51,0
DA:57,2
DA:58,0
DA:62,2
DA:63,0
DA:64,0
DA:67,2
LF:35
LH:29
BRDA:12,0,0,2
BRDA:12,0,1,2
BRDA:17,1,0,2
BRDA:17,1,1,0
BRDA:52,2,0,0
BRDA:52,2,1,0
BRDA:64,3,0,0
BRDA:64,3,1,0
BRF:8
BRH:3
end_of_record
TN:
SF:src\config\database.js
FN:15,(anonymous_0)
FN:21,(anonymous_1)
FN:22,(anonymous_2)
FNF:3
FNH:1
FNDA:0,(anonymous_0)
FNDA:3,(anonymous_1)
FNDA:0,(anonymous_2)
DA:1,2
DA:2,2
DA:4,2
DA:15,2
DA:16,0
DA:17,0
DA:20,2
DA:21,3
DA:22,0
LF:9
LH:6
BRDA:5,0,0,2
BRDA:5,0,1,2
BRDA:6,1,0,2
BRDA:6,1,1,2
BRDA:7,2,0,2
BRDA:7,2,1,2
BRDA:8,3,0,2
BRDA:8,3,1,2
BRF:8
BRH:8
end_of_record
TN:
SF:src\config\passport.js
FN:23,(anonymous_0)
FNF:1
FNH:0
FNDA:0,(anonymous_0)
DA:1,2
DA:2,2
DA:3,2
DA:4,2
DA:6,2
DA:8,2
DA:9,2
DA:10,2
DA:12,2
DA:13,2
DA:15,0
DA:24,0
DA:25,0
DA:27,0
DA:32,0
DA:33,0
DA:35,0
DA:47,0
DA:50,0
DA:56,0
DA:58,0
DA:65,2
LF:22
LH:11
BRDA:8,0,0,2
BRDA:8,0,1,2
BRDA:9,1,0,2
BRDA:9,1,1,2
BRDA:10,2,0,2
BRDA:10,2,1,2
BRDA:12,3,0,2
BRDA:12,3,1,0
BRDA:12,4,0,2
BRDA:12,4,1,0
BRDA:32,5,0,0
BRDA:32,5,1,0
BRDA:33,6,0,0
BRDA:33,6,1,0
BRDA:53,7,0,0
BRDA:53,7,1,0
BRF:16
BRH:8
end_of_record
TN:
SF:src\config\redis.js
FN:8,(anonymous_0)
FN:12,(anonymous_1)
FNF:2
FNH:1
FNDA:0,(anonymous_0)
FNDA:2,(anonymous_1)
DA:1,2
DA:2,2
DA:4,2
DA:8,2
DA:9,0
DA:12,2
DA:13,2
DA:14,2
DA:17,2
LF:9
LH:8
BRDA:5,0,0,2
BRDA:5,0,1,2
BRDA:5,1,0,2
BRDA:5,1,1,2
BRF:4
BRH:4
end_of_record
TN:
SF:src\middleware\auth.js
FN:4,(anonymous_0)
FN:41,(anonymous_1)
FN:42,(anonymous_2)
FNF:3
FNH:2
FNDA:1,(anonymous_0)
FNDA:12,(anonymous_1)
FNDA:0,(anonymous_2)
DA:1,2
DA:2,2
DA:4,2
DA:5,1
DA:6,1
DA:7,1
DA:9,1
DA:10,1
DA:13,0
DA:15,0
DA:20,0
DA:21,0
DA:24,0
DA:25,0
DA:26,0
DA:34,0
DA:35,0
DA:37,0
DA:41,2
DA:42,12
DA:43,0
DA:44,0
DA:46,0
DA:50,2
LF:24
LH:11
BRDA:7,0,0,1
BRDA:7,0,1,0
BRDA:9,1,0,1
BRDA:9,1,1,0
BRDA:20,2,0,0
BRDA:20,2,1,0
BRDA:24,3,0,0
BRDA:24,3,1,0
BRDA:25,4,0,0
BRDA:25,4,1,0
BRDA:25,5,0,0
BRDA:25,5,1,0
BRDA:43,6,0,0
BRDA:43,6,1,0
BRF:14
BRH:2
end_of_record
TN:
SF:src\middleware\rateLimit.js
FN:11,(anonymous_0)
FNF:1
FNH:1
FNDA:5,(anonymous_0)
DA:1,2
DA:2,2
DA:4,2
DA:11,5
DA:15,2
DA:21,2
LF:6
LH:6
BRDA:5,0,0,2
BRDA:5,0,1,2
BRDA:6,1,0,2
BRDA:6,1,1,2
BRF:4
BRH:4
end_of_record
TN:
SF:src\routes\appeals.js
FN:9,(anonymous_0)
FN:27,(anonymous_1)
FN:45,(anonymous_2)
FN:75,(anonymous_3)
FNF:4
FNH:0
FNDA:0,(anonymous_0)
FNDA:0,(anonymous_1)
FNDA:0,(anonymous_2)
FNDA:0,(anonymous_3)
DA:1,2
DA:2,2
DA:3,2
DA:4,2
DA:6,2
DA:9,2
DA:10,0
DA:11,0
DA:13,0
DA:20,0
DA:22,0
DA:27,2
DA:28,0
DA:29,0
DA:38,0
DA:40,0
DA:45,2
DA:46,0
DA:47,0
DA:49,0
DA:57,0
DA:59,0
DA:60,0
DA:61,0
DA:64,0
DA:66,0
DA:68,0
DA:70,0
DA:75,2
DA:76,0
DA:77,0
DA:79,0
DA:81,0
DA:82,0
DA:84,0
DA:92,0
DA:93,0
DA:94,0
DA:98,0
DA:99,0
DA:102,0
DA:104,0
DA:106,0
DA:107,0
DA:109,0
DA:112,0
DA:116,2
LF:47
LH:10
BRDA:17,0,0,0
BRDA:17,0,1,0
BRDA:59,1,0,0
BRDA:59,1,1,0
BRDA:92,2,0,0
BRDA:92,2,1,0
BRDA:98,3,0,0
BRDA:98,3,1,0
BRDA:98,4,0,0
BRDA:98,4,1,0
BRF:10
BRH:0
end_of_record
TN:
SF:src\routes\auth.js
FN:12,(anonymous_0)
FN:13,(anonymous_1)
FN:35,(anonymous_2)
FN:61,(anonymous_3)
FNF:4
FNH:0
FNDA:0,(anonymous_0)
FNDA:0,(anonymous_1)
FNDA:0,(anonymous_2)
FNDA:0,(anonymous_3)
DA:1,2
DA:2,2
DA:3,2
DA:4,2
DA:5,2
DA:6,2
DA:8,2
DA:10,2
DA:12,2
DA:13,0
DA:14,0
DA:15,0
DA:16,0
DA:18,0
DA:19,0
DA:20,0
DA:23,0
DA:24,0
DA:25,0
DA:26,0
DA:27,0
DA:29,0
DA:30,0
DA:35,2
DA:36,0
DA:37,0
DA:39,0
DA:40,0
DA:43,0
DA:45,0
DA:46,0
DA:51,0
DA:52,0
DA:55,0
DA:57,0
DA:61,2
DA:62,0
DA:63,0
DA:65,0
DA:78,0
DA:82,2
LF:41
LH:12
BRDA:14,0,0,0
BRDA:14,0,1,0
BRDA:18,1,0,0
BRDA:18,1,1,0
BRDA:26,2,0,0
BRDA:26,2,1,0
BRDA:39,3,0,0
BRDA:39,3,1,0
BRDA:51,4,0,0
BRDA:51,4,1,0
BRF:10
BRH:0
end_of_record
TN:
SF:src\routes\escrow.js
FN:9,(anonymous_0)
FN:32,(anonymous_1)
FN:59,(anonymous_2)
FN:84,(anonymous_3)
FN:107,(anonymous_4)
FN:118,(anonymous_5)
FNF:6
FNH:0
FNDA:0,(anonymous_0)
FNDA:0,(anonymous_1)
FNDA:0,(anonymous_2)
FNDA:0,(anonymous_3)
FNDA:0,(anonymous_4)
FNDA:0,(anonymous_5)
DA:1,2
DA:2,2
DA:3,2
DA:4,2
DA:6,2
DA:9,2
DA:10,0
DA:11,0
DA:13,0
DA:14,0
DA:18,0
DA:22,0
DA:25,0
DA:27,0
DA:32,2
DA:33,0
DA:34,0
DA:36,0
DA:38,0
DA:39,0
DA:42,0
DA:43,0
DA:46,0
DA:47,0
DA:50,0
DA:52,0
DA:54,0
DA:59,2
DA:60,0
DA:61,0
DA:63,0
DA:64,0
DA:67,0
DA:68,0
DA:71,0
DA:72,0
DA:75,0
DA:77,0
DA:79,0
DA:84,2
DA:85,0
DA:86,0
DA:88,0
DA:90,0
DA:91,0
DA:94,0
DA:95,0
DA:98,0
DA:100,0
DA:102,0
DA:107,2
DA:108,0
DA:109,0
DA:111,0
DA:113,0
DA:118,2
DA:119,0
DA:120,0
DA:122,0
DA:123,0
DA:126,0
DA:128,0
DA:130,0
DA:134,2
LF:64
LH:12
BRDA:13,0,0,0
BRDA:13,0,1,0
BRDA:18,1,0,0
BRDA:18,1,1,0
BRDA:18,2,0,0
BRDA:18,2,1,0
BRDA:18,2,2,0
BRDA:18,2,3,0
BRDA:38,3,0,0
BRDA:38,3,1,0
BRDA:42,4,0,0
BRDA:42,4,1,0
BRDA:46,5,0,0
BRDA:46,5,1,0
BRDA:63,6,0,0
BRDA:63,6,1,0
BRDA:67,7,0,0
BRDA:67,7,1,0
BRDA:67,8,0,0
BRDA:67,8,1,0
BRDA:71,9,0,0
BRDA:71,9,1,0
BRDA:90,10,0,0
BRDA:90,10,1,0
BRDA:94,11,0,0
BRDA:94,11,1,0
BRDA:94,12,0,0
BRDA:94,12,1,0
BRDA:122,13,0,0
BRDA:122,13,1,0
BRF:30
BRH:0
end_of_record
TN:
SF:src\routes\support.js
FN:9,(anonymous_0)
FN:27,(anonymous_1)
FN:61,(anonymous_2)
FN:75,(anonymous_3)
FN:112,(anonymous_4)
FN:123,(anonymous_5)
FNF:6
FNH:0
FNDA:0,(anonymous_0)
FNDA:0,(anonymous_1)
FNDA:0,(anonymous_2)
FNDA:0,(anonymous_3)
FNDA:0,(anonymous_4)
FNDA:0,(anonymous_5)
DA:1,2
DA:2,2
DA:3,2
DA:4,2
DA:6,2
DA:9,2
DA:10,0
DA:11,0
DA:13,0
DA:20,0
DA:22,0
DA:27,2
DA:28,0
DA:29,0
DA:31,0
DA:36,0
DA:37,0
DA:40,0
DA:41,0
DA:44,0
DA:50,0
DA:56,0
DA:61,2
DA:62,0
DA:63,0
DA:68,0
DA:70,0
DA:75,2
DA:76,0
DA:77,0
DA:79,0
DA:86,0
DA:87,0
DA:89,0
DA:90,0
DA:91,0
DA:92,0
DA:95,0
DA:96,0
DA:97,0
DA:98,0
DA:101,0
DA:103,0
DA:105,0
DA:107,0
DA:112,2
DA:113,0
DA:114,0
DA:116,0
DA:118,0
DA:123,2
DA:124,0
DA:125,0
DA:127,0
DA:129,0
DA:133,2
LF:56
LH:12
BRDA:16,0,0,0
BRDA:16,0,1,0
BRDA:36,1,0,0
BRDA:36,1,1,0
BRDA:40,2,0,0
BRDA:40,2,1,0
BRDA:40,3,0,0
BRDA:40,3,1,0
BRDA:89,4,0,0
BRDA:89,4,1,0
BRDA:95,5,0,0
BRDA:95,5,1,0
BRDA:97,6,0,0
BRDA:97,6,1,0
BRF:14
BRH:0
end_of_record
TN:
SF:src\routes\tasks.js
FN:9,(anonymous_0)
FN:65,(anonymous_1)
FN:98,(anonymous_2)
FN:121,(anonymous_3)
FN:145,(anonymous_4)
FNF:5
FNH:0
FNDA:0,(anonymous_0)
FNDA:0,(anonymous_1)
FNDA:0,(anonymous_2)
FNDA:0,(anonymous_3)
FNDA:0,(anonymous_4)
DA:1,2
DA:2,2
DA:3,2
DA:4,2
DA:6,2
DA:9,2
DA:10,0
DA:11,0
DA:13,0
DA:20,0
DA:21,0
DA:23,0
DA:24,0
DA:25,0
DA:26,0
DA:29,0
DA:30,0
DA:31,0
DA:32,0
DA:35,0
DA:36,0
DA:37,0
DA:38,0
DA:41,0
DA:42,0
DA:43,0
DA:44,0
DA:47,0
DA:48,0
DA:49,0
DA:50,0
DA:53,0
DA:55,0
DA:57,0
DA:59,0
DA:60,0
DA:65,2
DA:66,0
DA:67,0
DA:76,0
DA:77,0
DA:80,0
DA:88,0
DA:93,0
DA:98,2
DA:99,0
DA:100,0
DA:102,0
DA:103,0
DA:106,0
DA:113,0
DA:115,0
DA:116,0
DA:121,2
DA:122,0
DA:123,0
DA:125,0
DA:126,0
DA:129,0
DA:138,0
DA:140,0
DA:145,2
DA:146,0
DA:147,0
DA:152,0
DA:153,0
DA:156,0
DA:161,0
DA:162,0
DA:165,0
DA:167,0
DA:168,0
DA:170,0
DA:175,0
DA:180,0
DA:187,0
DA:189,0
DA:191,0
DA:192,0
DA:194,0
DA:197,0
DA:201,2
LF:82
LH:11
BRDA:11,0,0,0
BRDA:11,1,0,0
BRDA:23,2,0,0
BRDA:23,2,1,0
BRDA:29,3,0,0
BRDA:29,3,1,0
BRDA:35,4,0,0
BRDA:35,4,1,0
BRDA:41,5,0,0
BRDA:41,5,1,0
BRDA:47,6,0,0
BRDA:47,6,1,0
BRDA:76,7,0,0
BRDA:76,7,1,0
BRDA:102,8,0,0
BRDA:102,8,1,0
BRDA:102,9,0,0
BRDA:102,9,1,0
BRDA:110,10,0,0
BRDA:110,10,1,0
BRDA:125,11,0,0
BRDA:125,11,1,0
BRDA:152,12,0,0
BRDA:152,12,1,0
BRDA:161,13,0,0
BRDA:161,13,1,0
BRF:26
BRH:0
end_of_record
TN:
SF:src\services\aiSupportService.js
FN:34,findFAQAnswer
FN:38,(anonymous_1)
FN:50,generateAIResponse
FN:92,calculateConfidence
FN:102,(anonymous_4)
FN:103,(anonymous_5)
FN:108,createSupportTicket
FN:119,processSupportMessage
FN:196,assignTicketToModerator
FN:205,closeTicket
FNF:10
FNH:0
FNDA:0,findFAQAnswer
FNDA:0,(anonymous_1)
FNDA:0,generateAIResponse
FNDA:0,calculateConfidence
FNDA:0,(anonymous_4)
FNDA:0,(anonymous_5)
FNDA:0,createSupportTicket
FNDA:0,processSupportMessage
FNDA:0,assignTicketToModerator
FNDA:0,closeTicket
DA:1,2
DA:2,2
DA:3,2
DA:5,2
DA:9,2
DA:11,2
DA:35,0
DA:37,0
DA:38,0
DA:39,0
DA:47,0
DA:51,0
DA:52,0
DA:62,0
DA:72,0
DA:75,0
DA:77,0
DA:83,0
DA:84,0
DA:94,0
DA:95,0
DA:97,0
DA:99,0
DA:101,0
DA:102,0
DA:103,0
DA:105,0
DA:109,0
DA:116,0
DA:120,0
DA:125,0
DA:126,0
DA:129,0
DA:130,0
DA:131,0
DA:134,0
DA:136,0
DA:137,0
DA:139,0
DA:146,0
DA:154,0
DA:162,0
DA:163,0
DA:171,0
DA:173,0
DA:174,0
DA:181,0
DA:189,0
DA:197,0
DA:206,0
DA:214,2
LF:51
LH:7
BRDA:9,0,0,2
BRDA:9,0,1,2
BRDA:38,1,0,0
BRDA:38,1,1,0
BRDA:50,2,0,0
BRDA:57,3,0,0
BRDA:57,3,1,0
BRDA:58,4,0,0
BRDA:58,4,1,0
BRDA:59,5,0,0
BRDA:59,5,1,0
BRDA:101,6,0,0
BRDA:101,6,1,0
BRDA:102,7,0,0
BRDA:102,7,1,0
BRDA:103,8,0,0
BRDA:103,8,1,0
BRDA:108,9,0,0
BRDA:125,10,0,0
BRDA:125,10,1,0
BRDA:130,11,0,0
BRDA:130,11,1,0
BRDA:136,12,0,0
BRDA:136,12,1,0
BRDA:173,13,0,0
BRDA:173,13,1,0
BRF:26
BRH:2
end_of_record
TN:
SF:src\services\blockService.js
FN:4,blockUser
FN:53,unblockUser
FN:95,checkHardwareBlock
FN:104,setHardwareFingerprint
FN:111,getUserBlockStatus
FNF:5
FNH:0
FNDA:0,blockUser
FNDA:0,unblockUser
FNDA:0,checkHardwareBlock
FNDA:0,setHardwareFingerprint
FNDA:0,getUserBlockStatus
DA:1,2
DA:2,2
DA:5,0
DA:7,0
DA:8,0
DA:10,0
DA:13,0
DA:24,0
DA:25,0
DA:28,0
DA:29,0
DA:36,0
DA:38,0
DA:44,0
DA:46,0
DA:47,0
DA:49,0
DA:54,0
DA:56,0
DA:57,0
DA:59,0
DA:70,0
DA:71,0
DA:74,0
DA:75,0
DA:82,0
DA:84,0
DA:86,0
DA:88,0
DA:89,0
DA:91,0
DA:96,0
DA:101,0
DA:105,0
DA:112,0
DA:117,0
DA:118,0
DA:121,0
DA:122,0
DA:125,0
DA:132,2
LF:41
LH:3
BRDA:4,0,0,0
BRDA:4,1,0,0
BRDA:10,2,0,0
BRDA:10,2,1,0
BRDA:24,3,0,0
BRDA:24,3,1,0
BRDA:28,4,0,0
BRDA:28,4,1,0
BRDA:53,5,0,0
BRDA:70,6,0,0
BRDA:70,6,1,0
BRDA:74,7,0,0
BRDA:74,7,1,0
BRDA:117,8,0,0
BRDA:117,8,1,0
BRDA:122,9,0,0
BRDA:122,9,1,0
BRDA:122,9,2,0
BRF:18
BRH:0
end_of_record
TN:
SF:src\services\escrowService.js
FN:14,getCommissionRate
FN:28,calculateCommission
FN:36,createEscrowTransaction
FN:70,fundEscrow
FN:106,releaseEscrow
FN:157,refundEscrow
FN:193,disputeEscrow
FN:234,getEscrowStatus
FNF:8
FNH:0
FNDA:0,getCommissionRate
FNDA:0,calculateCommission
FNDA:0,createEscrowTransaction
FNDA:0,fundEscrow
FNDA:0,releaseEscrow
FNDA:0,refundEscrow
FNDA:0,disputeEscrow
FNDA:0,getEscrowStatus
DA:1,2
DA:2,2
DA:4,2
DA:15,0
DA:25,0
DA:29,0
DA:30,0
DA:31,0
DA:33,0
DA:37,0
DA:39,0
DA:40,0
DA:42,0
DA:44,0
DA:52,0
DA:57,0
DA:59,0
DA:61,0
DA:63,0
DA:64,0
DA:66,0
DA:71,0
DA:73,0
DA:74,0
DA:76,0
DA:84,0
DA:85,0
DA:88,0
DA:93,0
DA:95,0
DA:97,0
DA:99,0
DA:100,0
DA:102,0
DA:107,0
DA:109,0
DA:110,0
DA:112,0
DA:117,0
DA:118,0
DA:121,0
DA:122,0
DA:125,0
DA:133,0
DA:138,0
DA:144,0
DA:146,0
DA:148,0
DA:150,0
DA:151,0
DA:153,0
DA:158,0
DA:160,0
DA:161,0
DA:163,0
DA:171,0
DA:172,0
DA:175,0
DA:180,0
DA:182,0
DA:184,0
DA:186,0
DA:187,0
DA:189,0
DA:194,0
DA:196,0
DA:197,0
DA:199,0
DA:204,0
DA:212,0
DA:218,0
DA:220,0
DA:225,0
DA:227,0
DA:228,0
DA:230,0
DA:235,0
DA:246,0
DA:249,2
LF:79
LH:4
BRDA:25,0,0,0
BRDA:25,0,1,0
BRDA:84,1,0,0
BRDA:84,1,1,0
BRDA:106,2,0,0
BRDA:117,3,0,0
BRDA:117,3,1,0
BRDA:121,4,0,0
BRDA:121,4,1,0
BRDA:121,5,0,0
BRDA:121,5,1,0
BRDA:171,6,0,0
BRDA:171,6,1,0
BRDA:193,7,0,0
BRF:14
BRH:0
end_of_record
